PRT1
92
187
4 0 10 (2304 0 576 ) (2048 0 576 ) (2048 0 512 ) (2304 0 512 ) 
4 0 2 (2048 0 512 ) (2048 0 576 ) (2048 256 576 ) (2048 256 512 ) 
4 0 1 (2304 0 512 ) (2048 0 512 ) (2048 256 512 ) (2304 256 512 ) 
4 1 11 (2496 0 512 ) (2048 0 512 ) (2048 0 0 ) (2496 0 0 ) 
4 1 3 (2048 0 0 ) (2048 0 512 ) (2048 960 512 ) (2048 960 0 ) 
4 2 12 (2048 0 512 ) (2048 0 576 ) (1280 0 576 ) (1280 0 512 ) 
4 2 3 (2048 256 512 ) (2048 0 512 ) (1280 0 512 ) (1280 256 512 ) 
4 3 14 (1088 0 512 ) (1024 0 512 ) (1024 0 0 ) (1088 0 0 ) 
4 3 13 (2048 0 0 ) (2048 0 512 ) (1088 0 512 ) (1088 0 0 ) 
4 3 5 (1024 0 0 ) (1024 0 512 ) (1024 960 512 ) (1024 960 0 ) 
4 4 8 (0 128 576 ) (0 768 576 ) (0 768 512 ) (0 128 512 ) 
4 4 7 (0 128 512 ) (0 768 512 ) (256 768 512 ) (256 128 512 ) 
4 5 44 (1024 0 0 ) (1024 0 512 ) (512 0 512 ) (512 0 0 ) 
4 5 6 (512 960 512 ) (512 960 0 ) (512 384 0 ) (512 384 512 ) 
4 6 7 (448 960 512 ) (448 960 0 ) (448 384 0 ) (448 384 512 ) 
4 7 48 (448 0 512 ) (0 0 512 ) (0 0 0 ) (448 0 0 ) 
4 7 9 (0 0 0 ) (0 0 512 ) (0 960 512 ) (0 960 0 ) 
4 8 9 (0 768 512 ) (0 128 512 ) (-512 128 512 ) (-512 768 512 ) 
4 9 65 (-704 0 512 ) (-960 0 512 ) (-960 0 0 ) (-704 0 0 ) 
4 9 62 (0 0 0 ) (0 0 512 ) (-704 0 512 ) (-704 0 0 ) 
4 10 12 (2048 0 576 ) (2048 0 512 ) (2048 -768 512 ) (2048 -768 576 ) 
4 10 11 (2048 -768 512 ) (2048 0 512 ) (2304 0 512 ) (2304 -768 512 ) 
4 11 20 (2176 -1024 256 ) (2176 -1024 0 ) (2368 -1024 0 ) (2368 -1024 256 ) 
4 11 19 (2048 -960 0 ) (2048 -1024 0 ) (2048 -1024 256 ) (2048 -960 256 ) 
4 11 16 (2048 -448 0 ) (2048 -960 0 ) (2048 -960 256 ) (2048 -448 256 ) 
4 11 15 (2048 -1024 256 ) (2048 -1024 512 ) (2048 -448 512 ) (2048 -448 256 ) 
4 11 13 (2048 0 512 ) (2048 0 0 ) (2048 -448 0 ) (2048 -448 512 ) 
4 12 15 (2048 -448 512 ) (2048 -768 512 ) (1280 -768 512 ) (1280 -448 512 ) 
4 12 13 (1280 0 512 ) (2048 0 512 ) (2048 -448 512 ) (1280 -448 512 ) 
4 13 17 (1088 -448 0 ) (1216 -448 0 ) (1216 -448 192 ) (1088 -448 192 ) 
4 13 16 (1216 -448 0 ) (2048 -448 0 ) (2048 -448 256 ) (1216 -448 256 ) 
4 13 15 (2048 -448 256 ) (2048 -448 512 ) (1088 -448 512 ) (1088 -448 256 ) 
4 13 14 (1088 0 0 ) (1088 -128 0 ) (1088 -128 512 ) (1088 0 512 ) 
4 14 44 (1024 0 512 ) (1024 0 0 ) (1024 -128 0 ) (1024 -128 512 ) 
4 15 49 (1024 -1024 256 ) (1024 -1024 512 ) (1024 -704 512 ) (1024 -704 256 ) 
4 15 45 (1024 -704 512 ) (1024 -448 512 ) (1024 -448 256 ) (1024 -704 256 ) 
4 15 24 (1088 -1024 512 ) (1024 -1024 512 ) (1024 -1024 256 ) (1088 -1024 256 ) 
4 15 23 (1088 -1024 320 ) (1088 -1024 256 ) (1408 -1024 256 ) (1408 -1024 320 ) 
4 15 22 (1408 -1024 512 ) (1088 -1024 512 ) (1088 -1024 320 ) (1408 -1024 320 ) 
4 15 21 (1664 -1024 512 ) (1408 -1024 512 ) (1408 -1024 256 ) (1664 -1024 256 ) 
4 15 19 (2048 -1024 256 ) (1088 -1024 256 ) (1088 -960 256 ) (2048 -960 256 ) 
4 15 18 (1024 -960 256 ) (1024 -704 256 ) (1216 -704 256 ) (1216 -960 256 ) 
4 15 16 (1216 -448 256 ) (2048 -448 256 ) (2048 -960 256 ) (1216 -960 256 ) 
4 16 19 (1216 -960 0 ) (2048 -960 0 ) (2048 -960 256 ) (1216 -960 256 ) 
4 16 17 (1216 -448 192 ) (1216 -448 0 ) (1216 -704 0 ) (1216 -704 192 ) 
4 16 18 (1216 -960 0 ) (1216 -960 256 ) (1216 -704 256 ) (1216 -704 0 ) 
4 17 46 (1024 -448 0 ) (1024 -704 0 ) (1024 -704 192 ) (1024 -448 192 ) 
4 17 18 (1024 -704 0 ) (1216 -704 0 ) (1216 -704 192 ) (1024 -704 192 ) 
4 18 50 (1024 -704 0 ) (1024 -960 0 ) (1024 -960 256 ) (1024 -704 256 ) 
4 18 19 (1088 -960 0 ) (1216 -960 0 ) (1216 -960 256 ) (1088 -960 256 ) 
4 19 23 (1408 -1024 256 ) (1088 -1024 256 ) (1088 -1024 0 ) (1408 -1024 0 ) 
4 19 21 (1664 -1024 256 ) (1408 -1024 256 ) (1408 -1024 0 ) (1664 -1024 0 ) 
4 20 28 (2368 -2048 -128 ) (2368 -2048 256 ) (2176 -2048 256 ) (2176 -2048 -128 ) 
4 21 23 (1408 -1024 320 ) (1408 -1024 0 ) (1408 -1280 0 ) (1408 -1280 320 ) 
4 21 22 (1408 -1280 512 ) (1408 -1024 512 ) (1408 -1024 320 ) (1408 -1280 320 ) 
4 22 24 (1088 -1024 512 ) (1088 -1024 320 ) (1088 -1216 320 ) (1088 -1216 512 ) 
4 22 23 (1088 -1728 320 ) (1088 -1024 320 ) (1408 -1024 320 ) (1408 -1728 320 ) 
4 23 27 (1408 -1792 0 ) (1408 -1792 256 ) (1088 -1792 256 ) (1088 -1792 0 ) 
4 23 24 (1088 -1024 320 ) (1088 -1024 64 ) (1088 -1216 64 ) (1088 -1216 320 ) 
4 24 57 (1024 -1216 64 ) (1024 -1216 256 ) (1024 -1024 256 ) (1024 -1024 64 ) 
4 24 54 (1024 -1216 256 ) (1024 -1216 512 ) (1024 -1024 512 ) (1024 -1024 256 ) 
4 25 30 (1984 -2048 256 ) (1792 -2048 256 ) (1792 -2048 0 ) (1984 -2048 0 ) 
4 25 26 (1792 -1856 0 ) (1792 -2048 0 ) (1792 -2048 256 ) (1792 -1856 256 ) 
4 26 30 (1792 -2048 256 ) (1728 -2048 256 ) (1728 -2048 0 ) (1792 -2048 0 ) 
4 26 27 (1728 -1856 0 ) (1728 -2048 0 ) (1728 -2048 256 ) (1728 -1856 256 ) 
4 27 59 (1024 -2048 0 ) (1024 -2048 256 ) (1024 -1792 256 ) (1024 -1792 0 ) 
4 27 30 (1728 -2048 256 ) (1024 -2048 256 ) (1024 -2048 0 ) (1728 -2048 0 ) 
4 28 29 (2368 -2112 0 ) (2368 -2112 256 ) (2176 -2112 256 ) (2176 -2112 0 ) 
4 29 40 (2048 -3008 256 ) (2048 -2112 256 ) (2048 -2112 0 ) (2048 -3008 0 ) 
4 30 73 (1024 -2112 0 ) (1024 -2112 256 ) (1024 -2048 256 ) (1024 -2048 0 ) 
4 30 41 (1088 -2112 256 ) (1024 -2112 256 ) (1024 -2112 0 ) (1088 -2112 0 ) 
4 30 40 (1984 -2112 0 ) (1984 -2112 256 ) (1088 -2112 256 ) (1088 -2112 0 ) 
4 31 34 (1408 -2112 512 ) (1408 -2240 512 ) (1408 -2240 736 ) (1408 -2112 736 ) 
4 32 34 (1408 -2368 512 ) (1408 -2624 512 ) (1408 -2624 736 ) (1408 -2368 736 ) 
4 33 34 (1408 -2752 512 ) (1408 -3008 512 ) (1408 -3008 736 ) (1408 -2752 736 ) 
4 34 35 (1408 -3008 512 ) (1088 -3008 512 ) (1088 -2112 512 ) (1408 -2112 512 ) 
4 35 38 (1408 -3008 320 ) (1088 -3008 320 ) (1088 -2112 320 ) (1408 -2112 320 ) 
4 35 36 (1088 -2752 320 ) (1088 -3008 320 ) (1088 -3008 512 ) (1088 -2752 512 ) 
4 36 85 (1024 -3008 320 ) (1024 -3008 512 ) (1024 -2752 512 ) (1024 -2752 320 ) 
4 36 39 (1088 -3008 320 ) (1024 -3008 320 ) (1024 -2752 320 ) (1088 -2752 320 ) 
4 37 40 (1536 -2816 256 ) (1536 -2176 256 ) (1920 -2176 256 ) (1920 -2816 256 ) 
4 38 40 (1408 -3008 256 ) (1088 -3008 256 ) (1088 -2112 256 ) (1408 -2112 256 ) 
4 38 39 (1088 -2752 256 ) (1088 -3008 256 ) (1088 -3008 320 ) (1088 -2752 320 ) 
4 39 85 (1024 -3008 256 ) (1024 -3008 320 ) (1024 -2752 320 ) (1024 -2752 256 ) 
4 39 42 (1088 -3008 256 ) (1024 -3008 256 ) (1024 -2752 256 ) (1088 -2752 256 ) 
4 40 41 (1088 -2112 0 ) (1088 -2368 0 ) (1088 -2368 256 ) (1088 -2112 256 ) 
4 40 42 (1088 -2752 0 ) (1088 -3008 0 ) (1088 -3008 256 ) (1088 -2752 256 ) 
4 41 73 (1024 -2368 256 ) (1024 -2112 256 ) (1024 -2112 0 ) (1024 -2368 0 ) 
4 42 85 (1024 -3008 0 ) (1024 -3008 256 ) (1024 -2752 256 ) (1024 -2752 0 ) 
4 43 61 (0 -896 512 ) (0 -1024 512 ) (0 -1024 576 ) (0 -896 576 ) 
4 43 53 (256 -1024 576 ) (0 -1024 576 ) (0 -1024 512 ) (256 -1024 512 ) 
4 43 49 (256 -1024 512 ) (0 -1024 512 ) (0 -896 512 ) (256 -896 512 ) 
4 45 49 (1024 -704 256 ) (1024 -704 512 ) (448 -704 512 ) (448 -704 256 ) 
4 45 48 (448 -704 256 ) (448 -704 512 ) (448 -448 512 ) (448 -448 256 ) 
4 46 50 (1024 -704 0 ) (1024 -704 192 ) (832 -704 192 ) (832 -704 0 ) 
4 46 48 (448 -704 0 ) (448 -704 192 ) (448 -448 192 ) (448 -448 0 ) 
4 46 47 (832 -704 0 ) (448 -704 0 ) (448 -448 0 ) (832 -448 0 ) 
4 47 52 (832 -704 -8 ) (448 -704 -8 ) (448 -448 -8 ) (832 -448 -8 ) 
4 48 62 (0 0 512 ) (0 0 0 ) (0 -192 0 ) (0 -192 512 ) 
4 48 51 (448 -704 0 ) (448 -704 256 ) (0 -704 256 ) (0 -704 0 ) 
4 48 49 (448 -704 256 ) (448 -704 512 ) (0 -704 512 ) (0 -704 256 ) 
4 49 63 (0 -1024 256 ) (0 -1024 512 ) (0 -704 512 ) (0 -704 256 ) 
4 49 55 (896 -1024 512 ) (768 -1024 512 ) (768 -1024 256 ) (896 -1024 256 ) 
4 49 56 (768 -1024 512 ) (0 -1024 512 ) (0 -1024 256 ) (768 -1024 256 ) 
4 49 54 (1024 -1024 256 ) (1024 -1024 512 ) (896 -1024 512 ) (896 -1024 256 ) 
4 49 51 (448 -1024 256 ) (0 -1024 256 ) (0 -704 256 ) (448 -704 256 ) 
4 49 50 (832 -704 256 ) (1024 -704 256 ) (1024 -960 256 ) (832 -960 256 ) 
4 51 63 (0 -1024 0 ) (0 -1024 256 ) (0 -704 256 ) (0 -704 0 ) 
4 51 58 (448 -1024 256 ) (0 -1024 256 ) (0 -1024 0 ) (448 -1024 0 ) 
4 53 67 (0 -2048 512 ) (0 -2048 576 ) (0 -1024 576 ) (0 -1024 512 ) 
4 53 56 (0 -2048 512 ) (0 -1024 512 ) (256 -1024 512 ) (256 -2048 512 ) 
4 54 57 (896 -1024 256 ) (1024 -1024 256 ) (1024 -1216 256 ) (896 -1216 256 ) 
4 54 55 (896 -1024 256 ) (896 -1216 256 ) (896 -1216 512 ) (896 -1024 512 ) 
4 55 57 (768 -1024 256 ) (896 -1024 256 ) (896 -1216 256 ) (768 -1216 256 ) 
4 55 56 (768 -1024 256 ) (768 -1728 256 ) (768 -1728 512 ) (768 -1024 512 ) 
4 56 78 (384 -2048 512 ) (128 -2048 512 ) (128 -2048 256 ) (384 -2048 256 ) 
4 56 79 (128 -2048 512 ) (0 -2048 512 ) (0 -2048 256 ) (128 -2048 256 ) 
4 56 76 (576 -2048 512 ) (384 -2048 512 ) (384 -2048 256 ) (576 -2048 256 ) 
4 56 75 (768 -2048 512 ) (576 -2048 512 ) (576 -2048 256 ) (768 -2048 256 ) 
4 56 68 (0 -2048 256 ) (0 -2048 512 ) (0 -1024 512 ) (0 -1024 256 ) 
4 56 59 (768 -1792 256 ) (768 -2048 256 ) (448 -2048 256 ) (448 -1792 256 ) 
4 56 60 (0 -2048 256 ) (0 -1216 256 ) (448 -1216 256 ) (448 -2048 256 ) 
4 56 58 (0 -1216 256 ) (0 -1024 256 ) (448 -1024 256 ) (448 -1216 256 ) 
4 56 57 (512 -1024 256 ) (768 -1024 256 ) (768 -1216 256 ) (512 -1216 256 ) 
4 58 68 (0 -1216 256 ) (0 -1024 256 ) (0 -1024 0 ) (0 -1216 0 ) 
4 58 60 (0 -1216 0 ) (448 -1216 0 ) (448 -1216 256 ) (0 -1216 256 ) 
4 59 76 (576 -2048 256 ) (448 -2048 256 ) (448 -2048 0 ) (576 -2048 0 ) 
4 59 75 (768 -2048 256 ) (576 -2048 256 ) (576 -2048 0 ) (768 -2048 0 ) 
4 59 74 (832 -2048 256 ) (768 -2048 256 ) (768 -2048 0 ) (832 -2048 0 ) 
4 59 73 (1024 -2048 0 ) (1024 -2048 256 ) (832 -2048 256 ) (832 -2048 0 ) 
4 59 60 (448 -1792 0 ) (448 -2048 0 ) (448 -2048 256 ) (448 -1792 256 ) 
4 60 78 (384 -2048 256 ) (128 -2048 256 ) (128 -2048 0 ) (384 -2048 0 ) 
4 60 79 (128 -2048 256 ) (0 -2048 256 ) (0 -2048 0 ) (128 -2048 0 ) 
4 60 76 (448 -2048 256 ) (384 -2048 256 ) (384 -2048 0 ) (448 -2048 0 ) 
4 60 68 (0 -2048 0 ) (0 -2048 256 ) (0 -1216 256 ) (0 -1216 0 ) 
4 61 67 (0 -1024 512 ) (0 -1024 576 ) (-384 -1024 576 ) (-384 -1024 512 ) 
4 61 64 (-64 -1024 512 ) (-384 -1024 512 ) (-384 -896 512 ) (-64 -896 512 ) 
4 61 63 (0 -1024 512 ) (-64 -1024 512 ) (-64 -896 512 ) (0 -896 512 ) 
4 62 65 (-704 0 0 ) (-704 -192 0 ) (-704 -192 512 ) (-704 0 512 ) 
4 63 68 (0 -1024 0 ) (0 -1024 512 ) (-64 -1024 512 ) (-64 -1024 0 ) 
4 63 64 (-64 -704 512 ) (-64 -704 128 ) (-64 -1024 128 ) (-64 -1024 512 ) 
4 64 69 (-64 -1024 512 ) (-576 -1024 512 ) (-576 -1024 128 ) (-64 -1024 128 ) 
4 65 66 (-960 -192 512 ) (-960 -192 128 ) (-704 -192 128 ) (-704 -192 512 ) 
4 66 72 (-704 -1024 512 ) (-960 -1024 512 ) (-960 -1024 128 ) (-704 -1024 128 ) 
4 67 69 (-384 -1216 512 ) (-384 -1024 512 ) (-64 -1024 512 ) (-64 -1216 512 ) 
4 67 70 (-64 -2048 512 ) (-384 -2048 512 ) (-384 -1216 512 ) (-64 -1216 512 ) 
4 67 68 (0 -2048 512 ) (-64 -2048 512 ) (-64 -1024 512 ) (0 -1024 512 ) 
4 68 90 (0 -2048 0 ) (0 -2048 128 ) (-64 -2048 128 ) (-64 -2048 0 ) 
4 68 87 (0 -2048 128 ) (0 -2048 512 ) (-64 -2048 512 ) (-64 -2048 128 ) 
4 68 69 (-64 -1216 128 ) (-64 -1216 512 ) (-64 -1024 512 ) (-64 -1024 128 ) 
4 68 70 (-64 -1216 0 ) (-64 -2048 0 ) (-64 -2048 512 ) (-64 -1216 512 ) 
4 69 70 (-576 -1216 512 ) (-576 -1216 128 ) (-64 -1216 128 ) (-64 -1216 512 ) 
4 70 90 (-128 -2048 0 ) (-64 -2048 0 ) (-64 -2048 128 ) (-128 -2048 128 ) 
4 70 87 (-64 -2048 512 ) (-576 -2048 512 ) (-576 -2048 128 ) (-64 -2048 128 ) 
4 70 71 (-576 -1216 0 ) (-576 -2048 0 ) (-576 -2048 512 ) (-576 -1216 512 ) 
4 71 72 (-704 -2048 128 ) (-704 -2048 512 ) (-704 -1216 512 ) (-704 -1216 128 ) 
4 72 91 (-704 -2048 512 ) (-960 -2048 512 ) (-960 -2048 128 ) (-704 -2048 128 ) 
4 73 74 (832 -2048 0 ) (832 -2112 0 ) (832 -2112 256 ) (832 -2048 256 ) 
4 74 75 (768 -2048 0 ) (768 -2112 0 ) (768 -2112 256 ) (768 -2048 256 ) 
4 75 76 (576 -2048 0 ) (576 -2112 0 ) (576 -2112 512 ) (576 -2048 512 ) 
4 76 78 (384 -2048 0 ) (384 -2368 0 ) (384 -2368 512 ) (384 -2048 512 ) 
4 76 77 (384 -2368 512 ) (384 -2368 128 ) (576 -2368 128 ) (576 -2368 512 ) 
4 77 81 (576 -2432 128 ) (576 -2432 384 ) (384 -2432 384 ) (384 -2432 128 ) 
4 78 79 (128 -2048 0 ) (128 -2368 0 ) (128 -2368 512 ) (128 -2048 512 ) 
4 79 90 (0 -2048 128 ) (0 -2048 0 ) (0 -2432 0 ) (0 -2432 128 ) 
4 79 88 (0 -2304 128 ) (0 -2432 128 ) (0 -2432 512 ) (0 -2304 512 ) 
4 79 87 (0 -2048 512 ) (0 -2048 128 ) (0 -2304 128 ) (0 -2304 512 ) 
4 79 84 (0 -2432 0 ) (128 -2432 0 ) (128 -2432 128 ) (0 -2432 128 ) 
4 79 83 (128 -2432 128 ) (128 -2432 384 ) (0 -2432 384 ) (0 -2432 128 ) 
4 79 80 (128 -2432 384 ) (128 -2432 512 ) (0 -2432 512 ) (0 -2432 384 ) 
4 80 88 (0 -2752 384 ) (0 -2752 512 ) (0 -2432 512 ) (0 -2432 384 ) 
4 80 86 (128 -2752 512 ) (0 -2752 512 ) (0 -2752 384 ) (128 -2752 384 ) 
4 80 83 (128 -2752 384 ) (0 -2752 384 ) (0 -2432 384 ) (128 -2432 384 ) 
4 81 86 (768 -2752 128 ) (768 -2752 384 ) (256 -2752 384 ) (256 -2752 128 ) 
4 81 82 (256 -2432 128 ) (256 -2624 128 ) (256 -2624 384 ) (256 -2432 384 ) 
4 82 83 (128 -2432 128 ) (128 -2624 128 ) (128 -2624 384 ) (128 -2432 384 ) 
4 83 88 (0 -2752 128 ) (0 -2752 384 ) (0 -2432 384 ) (0 -2432 128 ) 
4 83 86 (128 -2752 384 ) (0 -2752 384 ) (0 -2752 128 ) (128 -2752 128 ) 
4 83 84 (0 -2432 128 ) (128 -2432 128 ) (128 -2752 128 ) (0 -2752 128 ) 
4 84 90 (0 -2432 0 ) (0 -2752 0 ) (0 -2752 128 ) (0 -2432 128 ) 
4 85 86 (816 -2752 512 ) (816 -2752 128 ) (816 -3008 128 ) (816 -3008 512 ) 
4 86 88 (0 -3008 128 ) (0 -3008 512 ) (0 -2752 512 ) (0 -2752 128 ) 
4 87 90 (-128 -2048 128 ) (0 -2048 128 ) (0 -2304 128 ) (-128 -2304 128 ) 
4 87 88 (-320 -2304 128 ) (0 -2304 128 ) (0 -2304 512 ) (-320 -2304 512 ) 
4 88 90 (-128 -2304 128 ) (0 -2304 128 ) (0 -2752 128 ) (-128 -2752 128 ) 
4 88 89 (-320 -2688 128 ) (-320 -3008 128 ) (-320 -3008 512 ) (-320 -2688 512 ) 
4 89 91 (-704 -3008 128 ) (-704 -3008 512 ) (-704 -2688 512 ) (-704 -2688 128 ) 
