PRT1
126
275
4 0 10 (2304 0 576 ) (2048 0 576 ) (2048 0 512 ) (2304 0 512 ) 
4 0 2 (2048 0 512 ) (2048 0 576 ) (2048 256 576 ) (2048 256 512 ) 
4 0 1 (2304 0 512 ) (2048 0 512 ) (2048 256 512 ) (2304 256 512 ) 
4 1 11 (2496 0 512 ) (2048 0 512 ) (2048 0 0 ) (2496 0 0 ) 
4 1 3 (2048 0 0 ) (2048 0 512 ) (2048 960 512 ) (2048 960 0 ) 
4 2 12 (2048 0 512 ) (2048 0 576 ) (1280 0 576 ) (1280 0 512 ) 
4 2 3 (2048 256 512 ) (2048 0 512 ) (1280 0 512 ) (1280 256 512 ) 
4 3 14 (1088 0 512 ) (1024 0 512 ) (1024 0 0 ) (1088 0 0 ) 
4 3 13 (2048 0 0 ) (2048 0 512 ) (1088 0 512 ) (1088 0 0 ) 
4 3 5 (1024 0 0 ) (1024 0 512 ) (1024 960 512 ) (1024 960 0 ) 
4 4 8 (0 128 576 ) (0 768 576 ) (0 768 512 ) (0 128 512 ) 
4 4 7 (0 128 512 ) (0 768 512 ) (256 768 512 ) (256 128 512 ) 
4 5 72 (1024 0 0 ) (1024 0 512 ) (512 0 512 ) (512 0 0 ) 
4 5 6 (512 960 512 ) (512 960 0 ) (512 384 0 ) (512 384 512 ) 
4 6 7 (448 960 512 ) (448 960 0 ) (448 384 0 ) (448 384 512 ) 
4 7 76 (448 0 512 ) (0 0 512 ) (0 0 0 ) (448 0 0 ) 
4 7 9 (0 0 0 ) (0 0 512 ) (0 960 512 ) (0 960 0 ) 
4 8 9 (0 768 512 ) (0 128 512 ) (-512 128 512 ) (-512 768 512 ) 
4 9 99 (-704 0 512 ) (-960 0 512 ) (-960 0 0 ) (-704 0 0 ) 
4 9 95 (-672 0 512 ) (-704 0 512 ) (-704 0 0 ) (-672 0 0 ) 
4 9 92 (0 0 0 ) (0 0 192 ) (-512 0 192 ) (-512 0 0 ) 
4 9 94 (-512 0 192 ) (-672 0 192 ) (-672 0 0 ) (-512 0 0 ) 
4 9 90 (0 0 192 ) (0 0 512 ) (-672 0 512 ) (-672 0 192 ) 
4 10 12 (2048 0 576 ) (2048 0 512 ) (2048 -768 512 ) (2048 -768 576 ) 
4 10 11 (2048 -768 512 ) (2048 0 512 ) (2304 0 512 ) (2304 -768 512 ) 
4 11 27 (2048 -1024 128 ) (2048 -1024 0 ) (2112 -1024 0 ) (2112 -1024 128 ) 
4 11 26 (2112 -1024 0 ) (2176 -1024 0 ) (2176 -1024 128 ) (2112 -1024 128 ) 
4 11 24 (2048 -1024 256 ) (2048 -1024 128 ) (2176 -1024 128 ) (2176 -1024 256 ) 
4 11 23 (2176 -1024 128 ) (2176 -1024 0 ) (2368 -1024 0 ) (2368 -1024 128 ) 
4 11 21 (2176 -1024 256 ) (2176 -1024 128 ) (2368 -1024 128 ) (2368 -1024 256 ) 
4 11 20 (2368 -1024 512 ) (2176 -1024 512 ) (2176 -1024 288 ) (2368 -1024 288 ) 
4 11 19 (2048 -960 0 ) (2048 -1024 0 ) (2048 -1024 256 ) (2048 -960 256 ) 
4 11 16 (2048 -448 0 ) (2048 -960 0 ) (2048 -960 256 ) (2048 -448 256 ) 
4 11 15 (2048 -1024 256 ) (2048 -1024 512 ) (2048 -448 512 ) (2048 -448 256 ) 
4 11 13 (2048 0 512 ) (2048 0 0 ) (2048 -448 0 ) (2048 -448 512 ) 
4 12 15 (2048 -448 512 ) (2048 -768 512 ) (1280 -768 512 ) (1280 -448 512 ) 
4 12 13 (1280 0 512 ) (2048 0 512 ) (2048 -448 512 ) (1280 -448 512 ) 
4 13 17 (1088 -448 0 ) (1216 -448 0 ) (1216 -448 192 ) (1088 -448 192 ) 
4 13 16 (1216 -448 0 ) (2048 -448 0 ) (2048 -448 256 ) (1216 -448 256 ) 
4 13 15 (2048 -448 256 ) (2048 -448 512 ) (1088 -448 512 ) (1088 -448 256 ) 
4 13 14 (1088 0 0 ) (1088 -128 0 ) (1088 -128 512 ) (1088 0 512 ) 
4 14 72 (1024 0 512 ) (1024 0 0 ) (1024 -128 0 ) (1024 -128 512 ) 
4 15 77 (1024 -1024 256 ) (1024 -1024 512 ) (1024 -704 512 ) (1024 -704 256 ) 
4 15 73 (1024 -704 512 ) (1024 -448 512 ) (1024 -448 256 ) (1024 -704 256 ) 
4 15 40 (1088 -1024 512 ) (1024 -1024 512 ) (1024 -1024 256 ) (1088 -1024 256 ) 
4 15 39 (1088 -1024 320 ) (1088 -1024 256 ) (1408 -1024 256 ) (1408 -1024 320 ) 
4 15 38 (1408 -1024 512 ) (1088 -1024 512 ) (1088 -1024 320 ) (1408 -1024 320 ) 
4 15 30 (1664 -1024 512 ) (1408 -1024 512 ) (1408 -1024 256 ) (1664 -1024 256 ) 
4 15 19 (2048 -1024 256 ) (1088 -1024 256 ) (1088 -960 256 ) (2048 -960 256 ) 
4 15 18 (1024 -960 256 ) (1024 -704 256 ) (1216 -704 256 ) (1216 -960 256 ) 
4 15 16 (1216 -448 256 ) (2048 -448 256 ) (2048 -960 256 ) (1216 -960 256 ) 
4 16 19 (1216 -960 0 ) (2048 -960 0 ) (2048 -960 256 ) (1216 -960 256 ) 
4 16 17 (1216 -448 192 ) (1216 -448 0 ) (1216 -704 0 ) (1216 -704 192 ) 
4 16 18 (1216 -960 0 ) (1216 -960 256 ) (1216 -704 256 ) (1216 -704 0 ) 
4 17 74 (1024 -448 0 ) (1024 -704 0 ) (1024 -704 192 ) (1024 -448 192 ) 
4 17 18 (1024 -704 0 ) (1216 -704 0 ) (1216 -704 192 ) (1024 -704 192 ) 
4 18 78 (1024 -704 0 ) (1024 -960 0 ) (1024 -960 256 ) (1024 -704 256 ) 
4 18 19 (1088 -960 0 ) (1216 -960 0 ) (1216 -960 256 ) (1088 -960 256 ) 
4 19 39 (1408 -1024 256 ) (1088 -1024 256 ) (1088 -1024 0 ) (1408 -1024 0 ) 
4 19 30 (1664 -1024 256 ) (1408 -1024 256 ) (1408 -1024 0 ) (1664 -1024 0 ) 
4 20 44 (2368 -2048 288 ) (2368 -2048 512 ) (2176 -2048 512 ) (2176 -2048 288 ) 
4 21 24 (2176 -1280 256 ) (2176 -1024 256 ) (2176 -1024 128 ) (2176 -1280 128 ) 
4 21 23 (2176 -1280 128 ) (2176 -1024 128 ) (2368 -1024 128 ) (2368 -1280 128 ) 
4 22 45 (2368 -2048 128 ) (2368 -2048 256 ) (2176 -2048 256 ) (2176 -2048 128 ) 
4 22 25 (2176 -2048 128 ) (2176 -2048 256 ) (2176 -1856 256 ) (2176 -1856 128 ) 
4 22 23 (2176 -2048 128 ) (2176 -1856 128 ) (2368 -1856 128 ) (2368 -2048 128 ) 
4 23 45 (2368 -2048 -128 ) (2368 -2048 128 ) (2176 -2048 128 ) (2176 -2048 -128 ) 
4 23 29 (2176 -1664 0 ) (2176 -1472 0 ) (2176 -1472 -128 ) (2176 -1664 -128 ) 
4 23 28 (2176 -2048 0 ) (2176 -2048 128 ) (2176 -1792 128 ) (2176 -1792 0 ) 
4 23 26 (2176 -1792 128 ) (2176 -1024 128 ) (2176 -1024 0 ) (2176 -1792 0 ) 
4 24 27 (2048 -1280 128 ) (2048 -1024 128 ) (2112 -1024 128 ) (2112 -1280 128 ) 
4 24 26 (2112 -1024 128 ) (2176 -1024 128 ) (2176 -1280 128 ) (2112 -1280 128 ) 
4 25 46 (2176 -2048 128 ) (2176 -2048 256 ) (2112 -2048 256 ) (2112 -2048 128 ) 
4 25 28 (2112 -1856 128 ) (2176 -1856 128 ) (2176 -2048 128 ) (2112 -2048 128 ) 
4 26 29 (2176 -1472 0 ) (2176 -1664 0 ) (2112 -1664 0 ) (2112 -1472 0 ) 
4 26 28 (2112 -1792 0 ) (2176 -1792 0 ) (2176 -1792 128 ) (2112 -1792 128 ) 
4 26 27 (2112 -1024 0 ) (2112 -1728 0 ) (2112 -1728 128 ) (2112 -1024 128 ) 
4 27 36 (2048 -1664 0 ) (2048 -1728 0 ) (2048 -1728 128 ) (2048 -1664 128 ) 
4 27 33 (2048 -1472 0 ) (2048 -1664 0 ) (2048 -1664 128 ) (2048 -1472 128 ) 
4 27 31 (2048 -1408 0 ) (2048 -1472 0 ) (2048 -1472 128 ) (2048 -1408 128 ) 
4 27 29 (2112 -1472 0 ) (2112 -1664 0 ) (2048 -1664 0 ) (2048 -1472 0 ) 
4 28 46 (2176 -2048 0 ) (2176 -2048 128 ) (2112 -2048 128 ) (2112 -2048 0 ) 
4 29 33 (2048 -1472 -128 ) (2048 -1664 -128 ) (2048 -1664 0 ) (2048 -1472 0 ) 
4 30 39 (1408 -1280 0 ) (1408 -1280 320 ) (1408 -1024 320 ) (1408 -1024 0 ) 
4 30 38 (1408 -1280 320 ) (1408 -1280 512 ) (1408 -1024 512 ) (1408 -1024 320 ) 
4 31 33 (2048 -1472 0 ) (2048 -1472 128 ) (1792 -1472 128 ) (1792 -1472 0 ) 
4 31 32 (1792 -1408 128 ) (1792 -1408 0 ) (1792 -1472 0 ) (1792 -1472 128 ) 
4 32 34 (1792 -1472 0 ) (1792 -1472 320 ) (1536 -1472 320 ) (1536 -1472 0 ) 
4 33 36 (2048 -1664 0 ) (2048 -1664 128 ) (1792 -1664 128 ) (1792 -1664 0 ) 
4 33 34 (1792 -1472 128 ) (1792 -1472 -128 ) (1792 -1664 -128 ) (1792 -1664 128 ) 
4 34 39 (1408 -1664 0 ) (1408 -1664 320 ) (1408 -1472 320 ) (1408 -1472 0 ) 
4 34 37 (1408 -1664 256 ) (1408 -1664 0 ) (1728 -1664 0 ) (1728 -1664 256 ) 
4 34 36 (1792 -1664 0 ) (1792 -1664 128 ) (1728 -1664 128 ) (1728 -1664 0 ) 
4 34 35 (1792 -1664 128 ) (1792 -1664 256 ) (1728 -1664 256 ) (1728 -1664 128 ) 
4 35 37 (1728 -1664 256 ) (1728 -1664 128 ) (1728 -1728 128 ) (1728 -1728 256 ) 
4 35 36 (1728 -1728 128 ) (1728 -1664 128 ) (1792 -1664 128 ) (1792 -1728 128 ) 
4 36 37 (1728 -1664 128 ) (1728 -1664 0 ) (1728 -1728 0 ) (1728 -1728 128 ) 
4 37 43 (1728 -1792 0 ) (1728 -1792 256 ) (1408 -1792 256 ) (1408 -1792 0 ) 
4 37 39 (1408 -1792 0 ) (1408 -1792 256 ) (1408 -1664 256 ) (1408 -1664 0 ) 
4 38 40 (1088 -1216 512 ) (1088 -1024 512 ) (1088 -1024 320 ) (1088 -1216 320 ) 
4 38 39 (1088 -1728 320 ) (1088 -1024 320 ) (1408 -1024 320 ) (1408 -1728 320 ) 
4 39 43 (1408 -1792 0 ) (1408 -1792 256 ) (1088 -1792 256 ) (1088 -1792 0 ) 
4 39 40 (1088 -1216 320 ) (1088 -1024 320 ) (1088 -1024 64 ) (1088 -1216 64 ) 
4 40 85 (1024 -1216 64 ) (1024 -1216 256 ) (1024 -1024 256 ) (1024 -1024 64 ) 
4 40 82 (1024 -1216 256 ) (1024 -1216 512 ) (1024 -1024 512 ) (1024 -1024 256 ) 
4 41 64 (1984 -2048 256 ) (1792 -2048 256 ) (1792 -2048 0 ) (1984 -2048 0 ) 
4 41 42 (1792 -1856 0 ) (1792 -2048 0 ) (1792 -2048 256 ) (1792 -1856 256 ) 
4 42 64 (1792 -2048 256 ) (1728 -2048 256 ) (1728 -2048 0 ) (1792 -2048 0 ) 
4 42 43 (1728 -1856 0 ) (1728 -2048 0 ) (1728 -2048 256 ) (1728 -1856 256 ) 
4 43 87 (1024 -2048 0 ) (1024 -2048 256 ) (1024 -1792 256 ) (1024 -1792 0 ) 
4 43 65 (1088 -2048 256 ) (1024 -2048 256 ) (1024 -2048 0 ) (1088 -2048 0 ) 
4 43 64 (1728 -2048 256 ) (1088 -2048 256 ) (1088 -2048 0 ) (1728 -2048 0 ) 
4 44 48 (2368 -2112 288 ) (2368 -2112 320 ) (2176 -2112 320 ) (2176 -2112 288 ) 
4 44 47 (2368 -2112 320 ) (2368 -2112 800 ) (2176 -2112 800 ) (2176 -2112 320 ) 
4 45 50 (2368 -2112 0 ) (2368 -2112 256 ) (2176 -2112 256 ) (2176 -2112 0 ) 
4 45 46 (2176 -2112 0 ) (2176 -2112 256 ) (2176 -2048 256 ) (2176 -2048 0 ) 
4 46 50 (2112 -2112 0 ) (2176 -2112 0 ) (2176 -2112 256 ) (2112 -2112 256 ) 
4 47 56 (2048 -3008 320 ) (2048 -3008 512 ) (2048 -2112 512 ) (2048 -2112 320 ) 
4 47 51 (2048 -3008 512 ) (2048 -3008 800 ) (2048 -2112 800 ) (2048 -2112 512 ) 
4 47 49 (2176 -2176 320 ) (2368 -2176 320 ) (2368 -2560 320 ) (2176 -2560 320 ) 
4 47 48 (2176 -2112 320 ) (2368 -2112 320 ) (2368 -2176 320 ) (2176 -2176 320 ) 
4 48 50 (2176 -2112 256 ) (2368 -2112 256 ) (2368 -2176 256 ) (2176 -2176 256 ) 
4 48 49 (2176 -2176 256 ) (2368 -2176 256 ) (2368 -2176 320 ) (2176 -2176 320 ) 
4 49 50 (2176 -2176 256 ) (2368 -2176 256 ) (2368 -2560 256 ) (2176 -2560 256 ) 
4 50 63 (2048 -3008 0 ) (2048 -3008 256 ) (2048 -2112 256 ) (2048 -2112 0 ) 
4 51 56 (2048 -2112 512 ) (2048 -3008 512 ) (1472 -3008 512 ) (1472 -2112 512 ) 
4 51 53 (1472 -2368 512 ) (1472 -2624 512 ) (1472 -2624 736 ) (1472 -2368 736 ) 
4 51 54 (1472 -2752 512 ) (1472 -3008 512 ) (1472 -3008 736 ) (1472 -2752 736 ) 
4 51 52 (1472 -2112 512 ) (1472 -2240 512 ) (1472 -2240 736 ) (1472 -2112 736 ) 
4 52 55 (1408 -2112 512 ) (1408 -2240 512 ) (1408 -2240 736 ) (1408 -2112 736 ) 
4 53 55 (1408 -2368 512 ) (1408 -2624 512 ) (1408 -2624 736 ) (1408 -2368 736 ) 
4 54 55 (1408 -2752 512 ) (1408 -3008 512 ) (1408 -3008 736 ) (1408 -2752 736 ) 
4 55 57 (1088 -3008 512 ) (1088 -2112 512 ) (1408 -2112 512 ) (1408 -3008 512 ) 
4 56 60 (1536 -2816 320 ) (1536 -2176 320 ) (1920 -2176 320 ) (1920 -2816 320 ) 
4 57 61 (1408 -2176 320 ) (1408 -3008 320 ) (1088 -3008 320 ) (1088 -2176 320 ) 
4 57 59 (1088 -2112 320 ) (1408 -2112 320 ) (1408 -2176 320 ) (1088 -2176 320 ) 
4 57 58 (1088 -2752 320 ) (1088 -3008 320 ) (1088 -3008 512 ) (1088 -2752 512 ) 
4 58 119 (1024 -3008 512 ) (1024 -2752 512 ) (1024 -2752 320 ) (1024 -3008 320 ) 
4 58 62 (1024 -3008 320 ) (1024 -2752 320 ) (1088 -2752 320 ) (1088 -3008 320 ) 
4 59 64 (1408 -2176 256 ) (1088 -2176 256 ) (1088 -2112 256 ) (1408 -2112 256 ) 
4 59 61 (1088 -2176 256 ) (1408 -2176 256 ) (1408 -2176 320 ) (1088 -2176 320 ) 
4 60 64 (1536 -2816 256 ) (1536 -2176 256 ) (1920 -2176 256 ) (1920 -2816 256 ) 
4 61 64 (1408 -3008 256 ) (1088 -3008 256 ) (1088 -2176 256 ) (1408 -2176 256 ) 
4 61 62 (1088 -2752 256 ) (1088 -3008 256 ) (1088 -3008 320 ) (1088 -2752 320 ) 
4 62 119 (1024 -3008 320 ) (1024 -2752 320 ) (1024 -2752 256 ) (1024 -3008 256 ) 
4 62 66 (1088 -3008 256 ) (1024 -3008 256 ) (1024 -2752 256 ) (1088 -2752 256 ) 
4 63 64 (1984 -2112 0 ) (1984 -3008 0 ) (1984 -3008 256 ) (1984 -2112 256 ) 
4 64 68 (1552 -2368 0 ) (1904 -2368 0 ) (1904 -2384 0 ) (1552 -2384 0 ) 
4 64 69 (1904 -2608 0 ) (1904 -2624 0 ) (1552 -2624 0 ) (1552 -2608 0 ) 
4 64 67 (1904 -2368 0 ) (1920 -2368 0 ) (1920 -2624 0 ) (1904 -2624 0 ) 
4 64 70 (1536 -2624 0 ) (1536 -2368 0 ) (1552 -2368 0 ) (1552 -2624 0 ) 
4 64 65 (1088 -2048 0 ) (1088 -2368 0 ) (1088 -2368 256 ) (1088 -2048 256 ) 
4 64 66 (1088 -2752 0 ) (1088 -3008 0 ) (1088 -3008 256 ) (1088 -2752 256 ) 
4 65 107 (1024 -2368 256 ) (1024 -2048 256 ) (1024 -2048 0 ) (1024 -2368 0 ) 
4 66 119 (1024 -3008 256 ) (1024 -2752 256 ) (1024 -2752 0 ) (1024 -3008 0 ) 
4 67 68 (1904 -2368 0 ) (1904 -2368 -16 ) (1904 -2384 -16 ) (1904 -2384 0 ) 
4 67 69 (1904 -2608 -16 ) (1904 -2624 -16 ) (1904 -2624 0 ) (1904 -2608 0 ) 
4 68 70 (1552 -2368 0 ) (1552 -2368 -16 ) (1552 -2384 -16 ) (1552 -2384 0 ) 
4 69 70 (1552 -2608 -16 ) (1552 -2624 -16 ) (1552 -2624 0 ) (1552 -2608 0 ) 
4 71 89 (0 -896 512 ) (0 -1024 512 ) (0 -1024 576 ) (0 -896 576 ) 
4 71 81 (256 -1024 576 ) (0 -1024 576 ) (0 -1024 512 ) (256 -1024 512 ) 
4 71 77 (256 -1024 512 ) (0 -1024 512 ) (0 -896 512 ) (256 -896 512 ) 
4 73 77 (1024 -704 256 ) (1024 -704 512 ) (448 -704 512 ) (448 -704 256 ) 
4 73 76 (448 -704 256 ) (448 -704 512 ) (448 -448 512 ) (448 -448 256 ) 
4 74 78 (1024 -704 0 ) (1024 -704 192 ) (832 -704 192 ) (832 -704 0 ) 
4 74 76 (448 -704 0 ) (448 -704 192 ) (448 -448 192 ) (448 -448 0 ) 
4 74 75 (832 -704 0 ) (448 -704 0 ) (448 -448 0 ) (832 -448 0 ) 
4 75 80 (832 -704 -8 ) (448 -704 -8 ) (448 -448 -8 ) (832 -448 -8 ) 
4 76 92 (0 0 192 ) (0 0 0 ) (0 -192 0 ) (0 -192 192 ) 
4 76 93 (0 -576 0 ) (0 -704 0 ) (0 -704 192 ) (0 -576 192 ) 
4 76 91 (0 -576 192 ) (0 -704 192 ) (0 -704 512 ) (0 -576 512 ) 
4 76 90 (0 0 512 ) (0 0 192 ) (0 -192 192 ) (0 -192 512 ) 
4 76 79 (448 -704 0 ) (448 -704 256 ) (0 -704 256 ) (0 -704 0 ) 
4 76 77 (448 -704 256 ) (448 -704 512 ) (0 -704 512 ) (0 -704 256 ) 
4 77 96 (0 -1024 256 ) (0 -1024 512 ) (0 -704 512 ) (0 -704 256 ) 
4 77 83 (896 -1024 512 ) (768 -1024 512 ) (768 -1024 256 ) (896 -1024 256 ) 
4 77 84 (768 -1024 512 ) (0 -1024 512 ) (0 -1024 256 ) (768 -1024 256 ) 
4 77 82 (1024 -1024 256 ) (1024 -1024 512 ) (896 -1024 512 ) (896 -1024 256 ) 
4 77 79 (448 -1024 256 ) (0 -1024 256 ) (0 -704 256 ) (448 -704 256 ) 
4 77 78 (832 -704 256 ) (1024 -704 256 ) (1024 -960 256 ) (832 -960 256 ) 
4 79 96 (0 -1024 0 ) (0 -1024 256 ) (0 -704 256 ) (0 -704 0 ) 
4 79 86 (448 -1024 256 ) (0 -1024 256 ) (0 -1024 0 ) (448 -1024 0 ) 
4 81 101 (0 -2048 512 ) (0 -2048 576 ) (0 -1024 576 ) (0 -1024 512 ) 
4 81 84 (0 -2048 512 ) (0 -1024 512 ) (256 -1024 512 ) (256 -2048 512 ) 
4 82 85 (896 -1024 256 ) (1024 -1024 256 ) (1024 -1216 256 ) (896 -1216 256 ) 
4 82 83 (896 -1024 256 ) (896 -1216 256 ) (896 -1216 512 ) (896 -1024 512 ) 
4 83 85 (768 -1024 256 ) (896 -1024 256 ) (896 -1216 256 ) (768 -1216 256 ) 
4 83 84 (768 -1024 256 ) (768 -1728 256 ) (768 -1728 512 ) (768 -1024 512 ) 
4 84 112 (384 -2048 512 ) (128 -2048 512 ) (128 -2048 256 ) (384 -2048 256 ) 
4 84 113 (128 -2048 512 ) (0 -2048 512 ) (0 -2048 256 ) (128 -2048 256 ) 
4 84 110 (576 -2048 512 ) (384 -2048 512 ) (384 -2048 256 ) (576 -2048 256 ) 
4 84 109 (768 -2048 512 ) (576 -2048 512 ) (576 -2048 256 ) (768 -2048 256 ) 
4 84 102 (0 -2048 256 ) (0 -2048 512 ) (0 -1024 512 ) (0 -1024 256 ) 
4 84 87 (768 -1792 256 ) (768 -2048 256 ) (448 -2048 256 ) (448 -1792 256 ) 
4 84 88 (0 -2048 256 ) (0 -1216 256 ) (448 -1216 256 ) (448 -2048 256 ) 
4 84 86 (0 -1216 256 ) (0 -1024 256 ) (448 -1024 256 ) (448 -1216 256 ) 
4 84 85 (512 -1024 256 ) (768 -1024 256 ) (768 -1216 256 ) (512 -1216 256 ) 
4 86 102 (0 -1216 256 ) (0 -1024 256 ) (0 -1024 0 ) (0 -1216 0 ) 
4 86 88 (0 -1216 0 ) (448 -1216 0 ) (448 -1216 256 ) (0 -1216 256 ) 
4 87 110 (576 -2048 256 ) (448 -2048 256 ) (448 -2048 0 ) (576 -2048 0 ) 
4 87 109 (768 -2048 256 ) (576 -2048 256 ) (576 -2048 0 ) (768 -2048 0 ) 
4 87 108 (832 -2048 256 ) (768 -2048 256 ) (768 -2048 0 ) (832 -2048 0 ) 
4 87 107 (1024 -2048 0 ) (1024 -2048 256 ) (832 -2048 256 ) (832 -2048 0 ) 
4 87 88 (448 -1792 0 ) (448 -2048 0 ) (448 -2048 256 ) (448 -1792 256 ) 
4 88 112 (384 -2048 256 ) (128 -2048 256 ) (128 -2048 0 ) (384 -2048 0 ) 
4 88 113 (128 -2048 256 ) (0 -2048 256 ) (0 -2048 0 ) (128 -2048 0 ) 
4 88 110 (448 -2048 256 ) (384 -2048 256 ) (384 -2048 0 ) (448 -2048 0 ) 
4 88 102 (0 -2048 0 ) (0 -2048 256 ) (0 -1216 256 ) (0 -1216 0 ) 
4 89 101 (0 -1024 512 ) (0 -1024 576 ) (-384 -1024 576 ) (-384 -1024 512 ) 
4 89 98 (-64 -1024 512 ) (-384 -1024 512 ) (-384 -896 512 ) (-64 -896 512 ) 
4 89 96 (0 -1024 512 ) (-64 -1024 512 ) (-64 -896 512 ) (0 -896 512 ) 
4 90 95 (-672 -192 512 ) (-672 0 512 ) (-672 0 192 ) (-672 -192 192 ) 
4 90 92 (-512 0 192 ) (0 0 192 ) (0 -192 192 ) (-512 -192 192 ) 
4 90 94 (-672 -192 192 ) (-672 0 192 ) (-512 0 192 ) (-512 -192 192 ) 
4 91 97 (-64 -704 512 ) (-576 -704 512 ) (-576 -704 192 ) (-64 -704 192 ) 
4 91 96 (0 -704 192 ) (0 -704 512 ) (-64 -704 512 ) (-64 -704 192 ) 
4 91 93 (0 -704 192 ) (-512 -704 192 ) (-512 -576 192 ) (0 -576 192 ) 
4 91 94 (-512 -704 192 ) (-576 -704 192 ) (-576 -576 192 ) (-512 -576 192 ) 
4 92 94 (-512 0 0 ) (-512 -192 0 ) (-512 -192 192 ) (-512 0 192 ) 
4 93 97 (-512 -704 0 ) (-64 -704 0 ) (-64 -704 192 ) (-512 -704 192 ) 
4 93 96 (-64 -704 0 ) (0 -704 0 ) (0 -704 192 ) (-64 -704 192 ) 
4 93 94 (-512 -576 0 ) (-512 -704 0 ) (-512 -704 192 ) (-512 -576 192 ) 
4 94 97 (-576 -704 0 ) (-512 -704 0 ) (-512 -704 192 ) (-576 -704 192 ) 
4 94 95 (-672 0 0 ) (-672 -192 0 ) (-672 -192 192 ) (-672 0 192 ) 
4 95 99 (-704 0 0 ) (-704 -192 0 ) (-704 -192 512 ) (-704 0 512 ) 
4 96 102 (0 -1024 0 ) (0 -1024 512 ) (-64 -1024 512 ) (-64 -1024 0 ) 
4 96 98 (-64 -1024 128 ) (-64 -1024 512 ) (-64 -896 512 ) (-64 -896 128 ) 
4 96 97 (-64 -704 512 ) (-64 -704 0 ) (-64 -896 0 ) (-64 -896 512 ) 
4 97 98 (-576 -896 512 ) (-576 -896 128 ) (-64 -896 128 ) (-64 -896 512 ) 
4 98 103 (-64 -1024 512 ) (-576 -1024 512 ) (-576 -1024 128 ) (-64 -1024 128 ) 
4 99 100 (-960 -192 512 ) (-960 -192 128 ) (-704 -192 128 ) (-704 -192 512 ) 
4 100 106 (-704 -1024 512 ) (-960 -1024 512 ) (-960 -1024 128 ) (-704 -1024 128 ) 
4 101 103 (-384 -1216 512 ) (-384 -1024 512 ) (-64 -1024 512 ) (-64 -1216 512 ) 
4 101 104 (-64 -2048 512 ) (-384 -2048 512 ) (-384 -1216 512 ) (-64 -1216 512 ) 
4 101 102 (0 -2048 512 ) (-64 -2048 512 ) (-64 -1024 512 ) (0 -1024 512 ) 
4 102 124 (0 -2048 0 ) (0 -2048 128 ) (-64 -2048 128 ) (-64 -2048 0 ) 
4 102 121 (0 -2048 128 ) (0 -2048 512 ) (-64 -2048 512 ) (-64 -2048 128 ) 
4 102 103 (-64 -1216 128 ) (-64 -1216 512 ) (-64 -1024 512 ) (-64 -1024 128 ) 
4 102 104 (-64 -1216 0 ) (-64 -2048 0 ) (-64 -2048 512 ) (-64 -1216 512 ) 
4 103 104 (-576 -1216 512 ) (-576 -1216 128 ) (-64 -1216 128 ) (-64 -1216 512 ) 
4 104 124 (-128 -2048 0 ) (-64 -2048 0 ) (-64 -2048 128 ) (-128 -2048 128 ) 
4 104 121 (-64 -2048 512 ) (-576 -2048 512 ) (-576 -2048 128 ) (-64 -2048 128 ) 
4 104 105 (-576 -1216 0 ) (-576 -2048 0 ) (-576 -2048 512 ) (-576 -1216 512 ) 
4 105 106 (-704 -2048 128 ) (-704 -2048 512 ) (-704 -1216 512 ) (-704 -1216 128 ) 
4 106 125 (-704 -2048 512 ) (-960 -2048 512 ) (-960 -2048 128 ) (-704 -2048 128 ) 
4 107 108 (832 -2048 0 ) (832 -2112 0 ) (832 -2112 256 ) (832 -2048 256 ) 
4 108 109 (768 -2048 0 ) (768 -2112 0 ) (768 -2112 256 ) (768 -2048 256 ) 
4 109 110 (576 -2048 0 ) (576 -2112 0 ) (576 -2112 512 ) (576 -2048 512 ) 
4 110 112 (384 -2048 0 ) (384 -2368 0 ) (384 -2368 512 ) (384 -2048 512 ) 
4 110 111 (384 -2368 512 ) (384 -2368 128 ) (576 -2368 128 ) (576 -2368 512 ) 
4 111 115 (576 -2432 128 ) (576 -2432 384 ) (384 -2432 384 ) (384 -2432 128 ) 
4 112 113 (128 -2048 0 ) (128 -2368 0 ) (128 -2368 512 ) (128 -2048 512 ) 
4 113 124 (0 -2048 128 ) (0 -2048 0 ) (0 -2432 0 ) (0 -2432 128 ) 
4 113 122 (0 -2304 128 ) (0 -2432 128 ) (0 -2432 512 ) (0 -2304 512 ) 
4 113 121 (0 -2048 512 ) (0 -2048 128 ) (0 -2304 128 ) (0 -2304 512 ) 
4 113 118 (0 -2432 0 ) (128 -2432 0 ) (128 -2432 128 ) (0 -2432 128 ) 
4 113 117 (128 -2432 128 ) (128 -2432 384 ) (0 -2432 384 ) (0 -2432 128 ) 
4 113 114 (128 -2432 384 ) (128 -2432 512 ) (0 -2432 512 ) (0 -2432 384 ) 
4 114 122 (0 -2752 384 ) (0 -2752 512 ) (0 -2432 512 ) (0 -2432 384 ) 
4 114 120 (128 -2752 512 ) (0 -2752 512 ) (0 -2752 384 ) (128 -2752 384 ) 
4 114 117 (128 -2752 384 ) (0 -2752 384 ) (0 -2432 384 ) (128 -2432 384 ) 
4 115 120 (768 -2752 128 ) (768 -2752 384 ) (256 -2752 384 ) (256 -2752 128 ) 
4 115 116 (256 -2432 128 ) (256 -2624 128 ) (256 -2624 384 ) (256 -2432 384 ) 
4 116 117 (128 -2432 128 ) (128 -2624 128 ) (128 -2624 384 ) (128 -2432 384 ) 
4 117 122 (0 -2752 128 ) (0 -2752 384 ) (0 -2432 384 ) (0 -2432 128 ) 
4 117 120 (128 -2752 384 ) (0 -2752 384 ) (0 -2752 128 ) (128 -2752 128 ) 
4 117 118 (0 -2432 128 ) (128 -2432 128 ) (128 -2752 128 ) (0 -2752 128 ) 
4 118 124 (0 -2432 0 ) (0 -2752 0 ) (0 -2752 128 ) (0 -2432 128 ) 
4 119 120 (816 -2752 512 ) (816 -2752 128 ) (816 -3008 128 ) (816 -3008 512 ) 
4 120 122 (0 -3008 128 ) (0 -3008 512 ) (0 -2752 512 ) (0 -2752 128 ) 
4 121 124 (-128 -2048 128 ) (0 -2048 128 ) (0 -2304 128 ) (-128 -2304 128 ) 
4 121 122 (-320 -2304 128 ) (0 -2304 128 ) (0 -2304 512 ) (-320 -2304 512 ) 
4 122 124 (-128 -2304 128 ) (0 -2304 128 ) (0 -2752 128 ) (-128 -2752 128 ) 
4 122 123 (-320 -2752 128 ) (-320 -3008 128 ) (-320 -3008 512 ) (-320 -2752 512 ) 
4 123 125 (-704 -3008 128 ) (-704 -3008 512 ) (-704 -2752 512 ) (-704 -2752 128 ) 
