


materialPath: C:\Program Files (x86)\Steam\steamapps\sourcemods\LanMayhemVol2\materials
Loading C:\Program Files (x86)\Steam\steamapps\sourcemods\LanMayhemVol2\maps\dm_arena01.vmf
ConVarRef mat_reduceparticles doesn't point to an existing ConVar
Could not locate 'GameData' key in c:\program files (x86)\steam\steamapps\sourcemods\lanmayhemvol2\gameinfo.txt
fixing up env_cubemap materials on brush sides...
0...1...2...3...4...5...6...7...8...9...100...1...2...3...4...5...6...7...8...9...10Processing areas...done (0)
Building Faces...done (0)
Chop Details...done (0)
Find Visible Detail Sides...
Merged 74 detail faces...done (0)
Merging details...done (0)
FixTjuncs...
PruneNodes...
WriteBSP...
done (0)
writing C:\Program Files (x86)\Steam\steamapps\sourcemods\LanMayhemVol2\maps\dm_arena01.prt...Building visibility clusters...
done (0)
Creating default LDR cubemaps for env_cubemap using skybox materials:
   skybox/sky_day01_01*.vmt
 ! Run buildcubemaps in the engine to get the correct cube maps.
Creating default HDR cubemaps for env_cubemap using skybox materials:
   skybox/sky_day01_01*.vmt
 ! Run buildcubemaps in the engine to get the correct cube maps.
Finding displacement neighbors...
Finding lightmap sample positions...
Displacement Alpha : 0...1...2...3...4...5...6...7...8...9...10
Building Physics collision data...
done (0) (223733 bytes)
Placing detail props : 0...1...2...3...4...5...6...7...8...9...10
Compacting texture/material tables...
Reduced 64 texinfos to 40
Reduced 13 texdatas to 11 (330 bytes to 247)
Writing C:\Program Files (x86)\Steam\steamapps\sourcemods\LanMayhemVol2\maps\dm_arena01.bsp
Wrote ZIP buffer, estimated size 212732, actual size 211982
0 seconds elapsed



8 threads
reading c:\program files (x86)\steam\steamapps\sourcemods\lanmayhemvol2\maps\dm_arena01.bsp
reading c:\program files (x86)\steam\steamapps\sourcemods\lanmayhemvol2\maps\dm_arena01.prt
 126 portalclusters
 275 numportals
0...1...2...3...4...5...6...7...8...9...100...1...2...3...4...5...6...7...8...9...10Optimized: 55 visible clusters (0.58%)
Total clusters visible: 9497
Average clusters visible: 75
Building PAS...
Average clusters audible: 125
visdatasize:5016  compressed from 4032
writing c:\program files (x86)\steam\steamapps\sourcemods\lanmayhemvol2\maps\dm_arena01.bsp
0 seconds elapsed



[Reading texlights from 'lights.rad']
[45 texlights parsed from 'lights.rad']

Loading c:\program files (x86)\steam\steamapps\sourcemods\lanmayhemvol2\maps\dm_arena01.bsp
2563 faces
440764 square feet [63470124.00 square inches]
0 Displacements
0 Square Feet [0.00 Square Inches]
2563 patches before subdivision
142375 patches after subdivision
53 direct lights
0...1...2...3...4...5...6...7...8...9...100...1...2...3...4...5...6...7...8...9...10transfers 20350862, max 739
transfer lists: 155.3 megs
0...1...2...3...4...5...6...7...8...9...10	Bounce #1 added RGB(1944507, 549763, 17040)
0...1...2...3...4...5...6...7...8...9...10	Bounce #2 added RGB(1255098, 100077, 169)
0...1...2...3...4...5...6...7...8...9...10	Bounce #3 added RGB(804549, 18381, 2)
0...1...2...3...4...5...6...7...8...9...10	Bounce #4 added RGB(528887, 3448, 0)
0...1...2...3...4...5...6...7...8...9...10	Bounce #5 added RGB(349803, 651, 0)
0...1...2...3...4...5...6...7...8...9...10	Bounce #6 added RGB(235388, 125, 0)
0...1...2...3...4...5...6...7...8...9...10	Bounce #7 added RGB(159802, 24, 0)
0...1...2...3...4...5...6...7...8...9...10	Bounce #8 added RGB(109515, 5, 0)
0...1...2...3...4...5...6...7...8...9...10	Bounce #9 added RGB(75512, 1, 0)
0...1...2...3...4...5...6...7...8...9...10	Bounce #10 added RGB(52343, 0, 0)
0...1...2...3...4...5...6...7...8...9...10	Bounce #11 added RGB(36423, 0, 0)
0...1...2...3...4...5...6...7...8...9...10	Bounce #12 added RGB(25427, 0, 0)
0...1...2...3...4...5...6...7...8...9...10	Bounce #13 added RGB(17797, 0, 0)
0...1...2...3...4...5...6...7...8...9...10	Bounce #14 added RGB(12484, 0, 0)
0...1...2...3...4...5...6...7...8...9...10	Bounce #15 added RGB(8773, 0, 0)
0...1...2...3...4...5...6...7...8...9...10	Bounce #16 added RGB(6176, 0, 0)
0...1...2...3...4...5...6...7...8...9...10	Bounce #17 added RGB(4353, 0, 0)
0...1...2...3...4...5...6...7...8...9...10	Bounce #18 added RGB(3073, 0, 0)
0...1...2...3...4...5...6...7...8...9...10	Bounce #19 added RGB(2171, 0, 0)
0...1...2...3...4...5...6...7...8...9...10	Bounce #20 added RGB(1536, 0, 0)
0...1...2...3...4...5...6...7...8...9...10	Bounce #21 added RGB(1088, 0, 0)
0...1...2...3...4...5...6...7...8...9...10	Bounce #22 added RGB(771, 0, 0)
0...1...2...3...4...5...6...7...8...9...10	Bounce #23 added RGB(547, 0, 0)
0...1...2...3...4...5...6...7...8...9...10	Bounce #24 added RGB(388, 0, 0)
0...1...2...3...4...5...6...7...8...9...10	Bounce #25 added RGB(276, 0, 0)
0...1...2...3...4...5...6...7...8...9...10	Bounce #26 added RGB(196, 0, 0)
0...1...2...3...4...5...6...7...8...9...10	Bounce #27 added RGB(140, 0, 0)
0...1...2...3...4...5...6...7...8...9...10	Bounce #28 added RGB(99, 0, 0)
0...1...2...3...4...5...6...7...8...9...10	Bounce #29 added RGB(71, 0, 0)
0...1...2...3...4...5...6...7...8...9...10	Bounce #30 added RGB(50, 0, 0)
0...1...2...3...4...5...6...7...8...9...10	Bounce #31 added RGB(36, 0, 0)
0...1...2...3...4...5...6...7...8...9...10	Bounce #32 added RGB(26, 0, 0)
0...1...2...3...4...5...6...7...8...9...10	Bounce #33 added RGB(18, 0, 0)
0...1...2...3...4...5...6...7...8...9...10	Bounce #34 added RGB(13, 0, 0)
0...1...2...3...4...5...6...7...8...9...10	Bounce #35 added RGB(9, 0, 0)
0...1...2...3...4...5...6...7...8...9...10	Bounce #36 added RGB(7, 0, 0)
0...1...2...3...4...5...6...7...8...9...10	Bounce #37 added RGB(5, 0, 0)
0...1...2...3...4...5...6...7...8...9...10	Bounce #38 added RGB(3, 0, 0)
0...1...2...3...4...5...6...7...8...9...10	Bounce #39 added RGB(2, 0, 0)
0...1...2...3...4...5...6...7...8...9...10	Bounce #40 added RGB(2, 0, 0)
0...1...2...3...4...5...6...7...8...9...10	Bounce #41 added RGB(1, 0, 0)
0...1...2...3...4...5...6...7...8...9...10	Bounce #42 added RGB(1, 0, 0)
Build Patch/Sample Hash Table(s).....Done<0.0296 sec>
0...1...2...3...4...5...6...7...8...9...10FinalLightFace Done
0 of 32 (0% of) surface lights went in leaf ambient cubes.
0...1...2...3...4...5...6...7...8...9...10Writing leaf ambient...done
Ready to Finish

Object names       Objects/Maxobjs  Memory / Maxmem  Fullness 
------------       ---------------  ---------------  -------- 
models                   2/1024           96/49152    ( 0.2%) 
brushes                687/8192         8244/98304    ( 8.4%) 
brushsides            5330/65536       42640/524288   ( 8.1%) 
planes                3028/65536       60560/1310720  ( 4.6%) 
vertexes              3648/65536       43776/786432   ( 5.6%) 
nodes                  349/65536       11168/2097152  ( 0.5%) 
texinfos                40/12288        2880/884736   ( 0.3%) 
texdata                 11/2048          352/65536    ( 0.5%) 
dispinfos                0/0               0/0        ( 0.0%) 
disp_verts               0/0               0/0        ( 0.0%) 
disp_tris                0/0               0/0        ( 0.0%) 
disp_lmsamples           0/0               0/0        ( 0.0%) 
faces                 2563/65536      143528/3670016  ( 3.9%) 
hdr faces                0/65536           0/3670016  ( 0.0%) 
origfaces             1483/65536       83048/3670016  ( 2.3%) 
leaves                 352/65536       11264/2097152  ( 0.5%) 
leaffaces             2918/65536        5836/131072   ( 4.5%) 
leafbrushes            976/65536        1952/131072   ( 1.5%) 
areas                    2/256            16/2048     ( 0.8%) 
surfedges            17476/512000      69904/2048000  ( 3.4%) 
edges                10944/256000      43776/1024000  ( 4.3%) 
LDR worldlights         53/8192         4664/720896   ( 0.6%) 
HDR worldlights          0/8192            0/720896   ( 0.0%) 
leafwaterdata            1/32768          12/393216   ( 0.0%) 
waterstrips            309/32768        3090/327680   ( 0.9%) 
waterverts               0/65536           0/786432   ( 0.0%) 
waterindices          5472/65536       10944/131072   ( 8.3%) 
cubemapsamples           1/1024           16/16384    ( 0.1%) 
overlays                 0/512             0/180224   ( 0.0%) 
LDR lightdata         [variable]     3475596/0        ( 0.0%) 
HDR lightdata         [variable]           0/0        ( 0.0%) 
visdata               [variable]        5016/16777216 ( 0.0%) 
entdata               [variable]       15593/393216   ( 4.0%) 
LDR ambient table      352/65536        1408/262144   ( 0.5%) 
HDR ambient table      352/65536        1408/262144   ( 0.5%) 
LDR leaf ambient      1821/65536       50988/1835008  ( 2.8%) 
HDR leaf ambient       352/65536        9856/1835008  ( 0.5%) 
occluders                0/0               0/0        ( 0.0%) 
occluder polygons        0/0               0/0        ( 0.0%) 
occluder vert ind        0/0               0/0        ( 0.0%) 
detail props          [variable]           1/12       ( 8.3%) 
static props          [variable]           1/12       ( 8.3%) 
pakfile               [variable]      211982/0        ( 0.0%) 
physics               [variable]      223733/4194304  ( 5.3%) 
physics terrain       [variable]           2/1048576  ( 0.0%) 

Level flags = 0

Total triangle count: 6624
Writing c:\program files (x86)\steam\steamapps\sourcemods\lanmayhemvol2\maps\dm_arena01.bsp
30 seconds elapsed



materialPath: C:\Program Files (x86)\Steam\steamapps\sourcemods\LanMayhemVol2\materials
Loading C:\Program Files (x86)\Steam\steamapps\sourcemods\LanMayhemVol2\maps\dm_arena01.vmf
ConVarRef mat_reduceparticles doesn't point to an existing ConVar
Could not locate 'GameData' key in c:\program files (x86)\steam\steamapps\sourcemods\lanmayhemvol2\gameinfo.txt
fixing up env_cubemap materials on brush sides...
0...1...2...3...4...5...6...7...8...9...100...1...2...3...4...5...6...7...8...9...10Processing areas...done (0)
Building Faces...done (0)
Chop Details...done (0)
Find Visible Detail Sides...
Merged 104 detail faces...done (0)
Merging details...done (0)
FixTjuncs...
PruneNodes...
WriteBSP...
done (0)
writing C:\Program Files (x86)\Steam\steamapps\sourcemods\LanMayhemVol2\maps\dm_arena01.prt...Building visibility clusters...
done (0)
Creating default LDR cubemaps for env_cubemap using skybox materials:
   skybox/sky_skylab_01*.vmt
 ! Run buildcubemaps in the engine to get the correct cube maps.
Creating default HDR cubemaps for env_cubemap using skybox materials:
   skybox/sky_skylab_01*.vmt
 ! Run buildcubemaps in the engine to get the correct cube maps.
Finding displacement neighbors...
Finding lightmap sample positions...
Displacement Alpha : 0...1...2...3...4...5...6...7...8...9...10
Building Physics collision data...
done (0) (246677 bytes)
Placing detail props : 0...1...2...3...4...5...6...7...8...9...10
Compacting texture/material tables...
Reduced 67 texinfos to 43
Reduced 13 texdatas to 11 (330 bytes to 247)
Writing C:\Program Files (x86)\Steam\steamapps\sourcemods\LanMayhemVol2\maps\dm_arena01.bsp
Wrote ZIP buffer, estimated size 165146, actual size 164396
1 second elapsed



8 threads
reading c:\program files (x86)\steam\steamapps\sourcemods\lanmayhemvol2\maps\dm_arena01.bsp
reading c:\program files (x86)\steam\steamapps\sourcemods\lanmayhemvol2\maps\dm_arena01.prt
 126 portalclusters
 275 numportals
0...1...2...3...4...5...6...7...8...9...100...1...2...3...4...5...6...7...8...9...10Optimized: 56 visible clusters (0.59%)
Total clusters visible: 9496
Average clusters visible: 75
Building PAS...
Average clusters audible: 125
visdatasize:5016  compressed from 4032
writing c:\program files (x86)\steam\steamapps\sourcemods\lanmayhemvol2\maps\dm_arena01.bsp
0 seconds elapsed



[Reading texlights from 'lights.rad']
[45 texlights parsed from 'lights.rad']

Loading c:\program files (x86)\steam\steamapps\sourcemods\lanmayhemvol2\maps\dm_arena01.bsp
3545 faces
443701 square feet [63892948.00 square inches]
0 Displacements
0 Square Feet [0.00 Square Inches]
3545 patches before subdivision
216431 patches after subdivision
53 direct lights
0...1...2...3...4...5...6...7...8...9...100...1...2...3...4...5...6...7...8...9...10transfers 37248928, max 982
transfer lists: 284.2 megs
0...1...2...3...4...5...6...7...8...9...10	Bounce #1 added RGB(3096896, 889709, 46433)
0...1...2...3...4...5...6...7...8...9...10	Bounce #2 added RGB(2319475, 191201, 494)
0...1...2...3...4...5...6...7...8...9...10	Bounce #3 added RGB(1461250, 35005, 6)
0...1...2...3...4...5...6...7...8...9...10	Bounce #4 added RGB(982298, 6782, 0)
0...1...2...3...4...5...6...7...8...9...10	Bounce #5 added RGB(642864, 1283, 0)
0...1...2...3...4...5...6...7...8...9...10	Bounce #6 added RGB(431726, 248, 0)
0...1...2...3...4...5...6...7...8...9...10	Bounce #7 added RGB(290125, 48, 0)
0...1...2...3...4...5...6...7...8...9...10	Bounce #8 added RGB(197511, 9, 0)
0...1...2...3...4...5...6...7...8...9...10	Bounce #9 added RGB(135105, 2, 0)
0...1...2...3...4...5...6...7...8...9...10	Bounce #10 added RGB(93090, 0, 0)
0...1...2...3...4...5...6...7...8...9...10	Bounce #11 added RGB(64409, 0, 0)
0...1...2...3...4...5...6...7...8...9...10	Bounce #12 added RGB(44761, 0, 0)
0...1...2...3...4...5...6...7...8...9...10	Bounce #13 added RGB(31202, 0, 0)
0...1...2...3...4...5...6...7...8...9...10	Bounce #14 added RGB(21812, 0, 0)
0...1...2...3...4...5...6...7...8...9...10	Bounce #15 added RGB(15281, 0, 0)
0...1...2...3...4...5...6...7...8...9...10	Bounce #16 added RGB(10727, 0, 0)
0...1...2...3...4...5...6...7...8...9...10	Bounce #17 added RGB(7543, 0, 0)
0...1...2...3...4...5...6...7...8...9...10	Bounce #18 added RGB(5311, 0, 0)
0...1...2...3...4...5...6...7...8...9...10	Bounce #19 added RGB(3745, 0, 0)
0...1...2...3...4...5...6...7...8...9...10	Bounce #20 added RGB(2643, 0, 0)
0...1...2...3...4...5...6...7...8...9...10	Bounce #21 added RGB(1868, 0, 0)
0...1...2...3...4...5...6...7...8...9...10	Bounce #22 added RGB(1321, 0, 0)
0...1...2...3...4...5...6...7...8...9...10	Bounce #23 added RGB(935, 0, 0)
0...1...2...3...4...5...6...7...8...9...10	Bounce #24 added RGB(663, 0, 0)
0...1...2...3...4...5...6...7...8...9...10	Bounce #25 added RGB(470, 0, 0)
0...1...2...3...4...5...6...7...8...9...10	Bounce #26 added RGB(333, 0, 0)
0...1...2...3...4...5...6...7...8...9...10	Bounce #27 added RGB(237, 0, 0)
0...1...2...3...4...5...6...7...8...9...10	Bounce #28 added RGB(168, 0, 0)
0...1...2...3...4...5...6...7...8...9...10	Bounce #29 added RGB(120, 0, 0)
0...1...2...3...4...5...6...7...8...9...10	Bounce #30 added RGB(85, 0, 0)
0...1...2...3...4...5...6...7...8...9...10	Bounce #31 added RGB(61, 0, 0)
0...1...2...3...4...5...6...7...8...9...10	Bounce #32 added RGB(43, 0, 0)
0...1...2...3...4...5...6...7...8...9...10	Bounce #33 added RGB(31, 0, 0)
0...1...2...3...4...5...6...7...8...9...10	Bounce #34 added RGB(22, 0, 0)
0...1...2...3...4...5...6...7...8...9...10	Bounce #35 added RGB(16, 0, 0)
0...1...2...3...4...5...6...7...8...9...10	Bounce #36 added RGB(11, 0, 0)
0...1...2...3...4...5...6...7...8...9...10	Bounce #37 added RGB(8, 0, 0)
0...1...2...3...4...5...6...7...8...9...10	Bounce #38 added RGB(6, 0, 0)
0...1...2...3...4...5...6...7...8...9...10	Bounce #39 added RGB(4, 0, 0)
0...1...2...3...4...5...6...7...8...9...10	Bounce #40 added RGB(3, 0, 0)
0...1...2...3...4...5...6...7...8...9...10	Bounce #41 added RGB(2, 0, 0)
0...1...2...3...4...5...6...7...8...9...10	Bounce #42 added RGB(1, 0, 0)
0...1...2...3...4...5...6...7...8...9...10	Bounce #43 added RGB(1, 0, 0)
0...1...2...3...4...5...6...7...8...9...10	Bounce #44 added RGB(1, 0, 0)
Build Patch/Sample Hash Table(s).....Done<0.0467 sec>
0...1...2...3...4...5...6...7...8...9...10FinalLightFace Done
0 of 32 (0% of) surface lights went in leaf ambient cubes.
0...1...2...3...4...5...6...7...8...9...10Writing leaf ambient...done
Ready to Finish

Object names       Objects/Maxobjs  Memory / Maxmem  Fullness 
------------       ---------------  ---------------  -------- 
models                   2/1024           96/49152    ( 0.2%) 
brushes                767/8192         9204/98304    ( 9.4%) 
brushsides            6034/65536       48272/524288   ( 9.2%) 
planes                3418/65536       68360/1310720  ( 5.2%) 
vertexes              4874/65536       58488/786432   ( 7.4%) 
nodes                  349/65536       11168/2097152  ( 0.5%) 
texinfos                43/12288        3096/884736   ( 0.3%) 
texdata                 11/2048          352/65536    ( 0.5%) 
dispinfos                0/0               0/0        ( 0.0%) 
disp_verts               0/0               0/0        ( 0.0%) 
disp_tris                0/0               0/0        ( 0.0%) 
disp_lmsamples           0/0               0/0        ( 0.0%) 
faces                 3545/65536      198520/3670016  ( 5.4%) 
hdr faces                0/65536           0/3670016  ( 0.0%) 
origfaces             1708/65536       95648/3670016  ( 2.6%) 
leaves                 352/65536       11264/2097152  ( 0.5%) 
leaffaces             3947/65536        7894/131072   ( 6.0%) 
leafbrushes           1060/65536        2120/131072   ( 1.6%) 
areas                    2/256            16/2048     ( 0.8%) 
surfedges            22679/512000      90716/2048000  ( 4.4%) 
edges                13660/256000      54640/1024000  ( 5.3%) 
LDR worldlights         53/8192         4664/720896   ( 0.6%) 
HDR worldlights          0/8192            0/720896   ( 0.0%) 
leafwaterdata            1/32768          12/393216   ( 0.0%) 
waterstrips            436/32768        4360/327680   ( 1.3%) 
waterverts               0/65536           0/786432   ( 0.0%) 
waterindices          7143/65536       14286/131072   (10.9%) 
cubemapsamples           1/1024           16/16384    ( 0.1%) 
overlays                 0/512             0/180224   ( 0.0%) 
LDR lightdata         [variable]     5751860/0        ( 0.0%) 
HDR lightdata         [variable]           0/0        ( 0.0%) 
visdata               [variable]        5016/16777216 ( 0.0%) 
entdata               [variable]       15594/393216   ( 4.0%) 
LDR ambient table      352/65536        1408/262144   ( 0.5%) 
HDR ambient table      352/65536        1408/262144   ( 0.5%) 
LDR leaf ambient      1820/65536       50960/1835008  ( 2.8%) 
HDR leaf ambient       352/65536        9856/1835008  ( 0.5%) 
occluders                0/0               0/0        ( 0.0%) 
occluder polygons        0/0               0/0        ( 0.0%) 
occluder vert ind        0/0               0/0        ( 0.0%) 
detail props          [variable]           1/12       ( 8.3%) 
static props          [variable]           1/12       ( 8.3%) 
pakfile               [variable]      164396/0        ( 0.0%) 
physics               [variable]      246677/4194304  ( 5.9%) 
physics terrain       [variable]           2/1048576  ( 0.0%) 

Level flags = 0

Total triangle count: 9084
Writing c:\program files (x86)\steam\steamapps\sourcemods\lanmayhemvol2\maps\dm_arena01.bsp
57 seconds elapsed



materialPath: C:\Program Files (x86)\Steam\steamapps\sourcemods\LanMayhemVol2\materials
Loading C:\Program Files (x86)\Steam\steamapps\sourcemods\LanMayhemVol2\maps\dm_arena01.vmf
ConVarRef mat_reduceparticles doesn't point to an existing ConVar
Could not locate 'GameData' key in c:\program files (x86)\steam\steamapps\sourcemods\lanmayhemvol2\gameinfo.txt
fixing up env_cubemap materials on brush sides...
0...1...2...3...4...5...6...7...8...9...100...1...2...3...4...5...6...7...8...9...10Processing areas...done (0)
Building Faces...done (0)
Chop Details...done (0)
Find Visible Detail Sides...
Merged 88 detail faces...done (0)
Merging details...done (0)
FixTjuncs...
PruneNodes...
WriteBSP...
done (0)
writing C:\Program Files (x86)\Steam\steamapps\sourcemods\LanMayhemVol2\maps\dm_arena01.prt...Building visibility clusters...
done (0)
Creating default LDR cubemaps for env_cubemap using skybox materials:
   skybox/sky_skylab_01*.vmt
 ! Run buildcubemaps in the engine to get the correct cube maps.
Creating default HDR cubemaps for env_cubemap using skybox materials:
   skybox/sky_skylab_01*.vmt
 ! Run buildcubemaps in the engine to get the correct cube maps.
Finding displacement neighbors...
Finding lightmap sample positions...
Displacement Alpha : 0...1...2...3...4...5...6...7...8...9...10
Building Physics collision data...
done (0) (236981 bytes)
Placing detail props : 0...1...2...3...4...5...6...7...8...9...10
Compacting texture/material tables...
Reduced 65 texinfos to 41
Reduced 13 texdatas to 11 (330 bytes to 247)
Writing C:\Program Files (x86)\Steam\steamapps\sourcemods\LanMayhemVol2\maps\dm_arena01.bsp
Wrote ZIP buffer, estimated size 165146, actual size 164396
1 second elapsed



8 threads
reading c:\program files (x86)\steam\steamapps\sourcemods\lanmayhemvol2\maps\dm_arena01.bsp
reading c:\program files (x86)\steam\steamapps\sourcemods\lanmayhemvol2\maps\dm_arena01.prt
 126 portalclusters
 275 numportals
0...1...2...3...4...5...6...7...8...9...100...1...2...3...4...5...6...7...8...9...10Optimized: 56 visible clusters (0.59%)
Total clusters visible: 9496
Average clusters visible: 75
Building PAS...
Average clusters audible: 125
visdatasize:5016  compressed from 4032
writing c:\program files (x86)\steam\steamapps\sourcemods\lanmayhemvol2\maps\dm_arena01.bsp
0 seconds elapsed



[Reading texlights from 'lights.rad']
[45 texlights parsed from 'lights.rad']

Loading c:\program files (x86)\steam\steamapps\sourcemods\lanmayhemvol2\maps\dm_arena01.bsp
2842 faces
444622 square feet [64025604.00 square inches]
0 Displacements
0 Square Feet [0.00 Square Inches]
2842 patches before subdivision
154812 patches after subdivision
53 direct lights
0...1...2...3...4...5...6...7...8...9...100...1...2...3...4...5...6...7...8...9...10transfers 21747551, max 745
transfer lists: 165.9 megs
0...1...2...3...4...5...6...7...8...9...10	Bounce #1 added RGB(2323995, 666518, 40414)
0...1...2...3...4...5...6...7...8...9...10	Bounce #2 added RGB(1679979, 136230, 380)
0...1...2...3...4...5...6...7...8...9...10	Bounce #3 added RGB(1013828, 24237, 5)
0...1...2...3...4...5...6...7...8...9...10	Bounce #4 added RGB(674011, 4641, 0)
0...1...2...3...4...5...6...7...8...9...10	Bounce #5 added RGB(431084, 864, 0)
0...1...2...3...4...5...6...7...8...9...10	Bounce #6 added RGB(287196, 166, 0)
0...1...2...3...4...5...6...7...8...9...10	Bounce #7 added RGB(190782, 32, 0)
0...1...2...3...4...5...6...7...8...9...10	Bounce #8 added RGB(129254, 6, 0)
0...1...2...3...4...5...6...7...8...9...10	Bounce #9 added RGB(87945, 1, 0)
0...1...2...3...4...5...6...7...8...9...10	Bounce #10 added RGB(60459, 0, 0)
0...1...2...3...4...5...6...7...8...9...10	Bounce #11 added RGB(41750, 0, 0)
0...1...2...3...4...5...6...7...8...9...10	Bounce #12 added RGB(28998, 0, 0)
0...1...2...3...4...5...6...7...8...9...10	Bounce #13 added RGB(20210, 0, 0)
0...1...2...3...4...5...6...7...8...9...10	Bounce #14 added RGB(14135, 0, 0)
0...1...2...3...4...5...6...7...8...9...10	Bounce #15 added RGB(9911, 0, 0)
0...1...2...3...4...5...6...7...8...9...10	Bounce #16 added RGB(6965, 0, 0)
0...1...2...3...4...5...6...7...8...9...10	Bounce #17 added RGB(4903, 0, 0)
0...1...2...3...4...5...6...7...8...9...10	Bounce #18 added RGB(3458, 0, 0)
0...1...2...3...4...5...6...7...8...9...10	Bounce #19 added RGB(2441, 0, 0)
0...1...2...3...4...5...6...7...8...9...10	Bounce #20 added RGB(1726, 0, 0)
0...1...2...3...4...5...6...7...8...9...10	Bounce #21 added RGB(1222, 0, 0)
0...1...2...3...4...5...6...7...8...9...10	Bounce #22 added RGB(865, 0, 0)
0...1...2...3...4...5...6...7...8...9...10	Bounce #23 added RGB(614, 0, 0)
0...1...2...3...4...5...6...7...8...9...10	Bounce #24 added RGB(435, 0, 0)
0...1...2...3...4...5...6...7...8...9...10	Bounce #25 added RGB(309, 0, 0)
0...1...2...3...4...5...6...7...8...9...10	Bounce #26 added RGB(220, 0, 0)
0...1...2...3...4...5...6...7...8...9...10	Bounce #27 added RGB(156, 0, 0)
0...1...2...3...4...5...6...7...8...9...10	Bounce #28 added RGB(111, 0, 0)
0...1...2...3...4...5...6...7...8...9...10	Bounce #29 added RGB(79, 0, 0)
0...1...2...3...4...5...6...7...8...9...10	Bounce #30 added RGB(56, 0, 0)
0...1...2...3...4...5...6...7...8...9...10	Bounce #31 added RGB(40, 0, 0)
0...1...2...3...4...5...6...7...8...9...10	Bounce #32 added RGB(29, 0, 0)
0...1...2...3...4...5...6...7...8...9...10	Bounce #33 added RGB(20, 0, 0)
0...1...2...3...4...5...6...7...8...9...10	Bounce #34 added RGB(15, 0, 0)
0...1...2...3...4...5...6...7...8...9...10	Bounce #35 added RGB(10, 0, 0)
0...1...2...3...4...5...6...7...8...9...10	Bounce #36 added RGB(7, 0, 0)
0...1...2...3...4...5...6...7...8...9...10	Bounce #37 added RGB(5, 0, 0)
0...1...2...3...4...5...6...7...8...9...10	Bounce #38 added RGB(4, 0, 0)
0...1...2...3...4...5...6...7...8...9...10	Bounce #39 added RGB(3, 0, 0)
0...1...2...3...4...5...6...7...8...9...10	Bounce #40 added RGB(2, 0, 0)
0...1...2...3...4...5...6...7...8...9...10	Bounce #41 added RGB(1, 0, 0)
0...1...2...3...4...5...6...7...8...9...10	Bounce #42 added RGB(1, 0, 0)
Build Patch/Sample Hash Table(s).....Done<0.0330 sec>
0...1...2...3...4...5...6...7...8...9...10FinalLightFace Done
0 of 32 (0% of) surface lights went in leaf ambient cubes.
0...1...2...3...4...5...6...7...8...9...10Writing leaf ambient...done
Ready to Finish

Object names       Objects/Maxobjs  Memory / Maxmem  Fullness 
------------       ---------------  ---------------  -------- 
models                   2/1024           96/49152    ( 0.2%) 
brushes                731/8192         8772/98304    ( 8.9%) 
brushsides            5707/65536       45656/524288   ( 8.7%) 
planes                3248/65536       64960/1310720  ( 5.0%) 
vertexes              3987/65536       47844/786432   ( 6.1%) 
nodes                  349/65536       11168/2097152  ( 0.5%) 
texinfos                41/12288        2952/884736   ( 0.3%) 
texdata                 11/2048          352/65536    ( 0.5%) 
dispinfos                0/0               0/0        ( 0.0%) 
disp_verts               0/0               0/0        ( 0.0%) 
disp_tris                0/0               0/0        ( 0.0%) 
disp_lmsamples           0/0               0/0        ( 0.0%) 
faces                 2842/65536      159152/3670016  ( 4.3%) 
hdr faces                0/65536           0/3670016  ( 0.0%) 
origfaces             1612/65536       90272/3670016  ( 2.5%) 
leaves                 352/65536       11264/2097152  ( 0.5%) 
leaffaces             3222/65536        6444/131072   ( 4.9%) 
leafbrushes           1024/65536        2048/131072   ( 1.6%) 
areas                    2/256            16/2048     ( 0.8%) 
surfedges            19204/512000      76816/2048000  ( 3.8%) 
edges                11870/256000      47480/1024000  ( 4.6%) 
LDR worldlights         53/8192         4664/720896   ( 0.6%) 
HDR worldlights          0/8192            0/720896   ( 0.0%) 
leafwaterdata            1/32768          12/393216   ( 0.0%) 
waterstrips            327/32768        3270/327680   ( 1.0%) 
waterverts               0/65536           0/786432   ( 0.0%) 
waterindices          5703/65536       11406/131072   ( 8.7%) 
cubemapsamples           1/1024           16/16384    ( 0.1%) 
overlays                 0/512             0/180224   ( 0.0%) 
LDR lightdata         [variable]     3891760/0        ( 0.0%) 
HDR lightdata         [variable]           0/0        ( 0.0%) 
visdata               [variable]        5016/16777216 ( 0.0%) 
entdata               [variable]        5158/393216   ( 1.3%) 
LDR ambient table      352/65536        1408/262144   ( 0.5%) 
HDR ambient table      352/65536        1408/262144   ( 0.5%) 
LDR leaf ambient      1823/65536       51044/1835008  ( 2.8%) 
HDR leaf ambient       352/65536        9856/1835008  ( 0.5%) 
occluders                0/0               0/0        ( 0.0%) 
occluder polygons        0/0               0/0        ( 0.0%) 
occluder vert ind        0/0               0/0        ( 0.0%) 
detail props          [variable]           1/12       ( 8.3%) 
static props          [variable]           1/12       ( 8.3%) 
pakfile               [variable]      164396/0        ( 0.0%) 
physics               [variable]      236981/4194304  ( 5.7%) 
physics terrain       [variable]           2/1048576  ( 0.0%) 

Level flags = 0

Total triangle count: 7340
Writing c:\program files (x86)\steam\steamapps\sourcemods\lanmayhemvol2\maps\dm_arena01.bsp
35 seconds elapsed



materialPath: C:\Program Files (x86)\Steam\steamapps\sourcemods\LanMayhemVol2\materials
Loading C:\Program Files (x86)\Steam\steamapps\sourcemods\LanMayhemVol2\maps\dm_arena01.vmf
ConVarRef mat_reduceparticles doesn't point to an existing ConVar
Could not locate 'GameData' key in c:\program files (x86)\steam\steamapps\sourcemods\lanmayhemvol2\gameinfo.txt
fixing up env_cubemap materials on brush sides...
0...1...2...3...4...5...6...7...8...9...100...1...2...3...4...5...6...7...8...9...10Processing areas...done (0)
Building Faces...done (0)
Chop Details...done (0)
Find Visible Detail Sides...
Merged 88 detail faces...done (0)
Merging details...done (0)
FixTjuncs...
PruneNodes...
WriteBSP...
done (0)
writing C:\Program Files (x86)\Steam\steamapps\sourcemods\LanMayhemVol2\maps\dm_arena01.prt...Building visibility clusters...
done (0)
Creating default LDR cubemaps for env_cubemap using skybox materials:
   skybox/sky_skylab_01*.vmt
 ! Run buildcubemaps in the engine to get the correct cube maps.
Creating default HDR cubemaps for env_cubemap using skybox materials:
   skybox/sky_skylab_01*.vmt
 ! Run buildcubemaps in the engine to get the correct cube maps.
Finding displacement neighbors...
Finding lightmap sample positions...
Displacement Alpha : 0...1...2...3...4...5...6...7...8...9...10
Building Physics collision data...
done (0) (236981 bytes)
Placing detail props : 0...1...2...3...4...5...6...7...8...9...10
Compacting texture/material tables...
Reduced 65 texinfos to 41
Reduced 13 texdatas to 11 (330 bytes to 247)
Writing C:\Program Files (x86)\Steam\steamapps\sourcemods\LanMayhemVol2\maps\dm_arena01.bsp
Wrote ZIP buffer, estimated size 165146, actual size 164396
1 second elapsed



8 threads
reading c:\program files (x86)\steam\steamapps\sourcemods\lanmayhemvol2\maps\dm_arena01.bsp
reading c:\program files (x86)\steam\steamapps\sourcemods\lanmayhemvol2\maps\dm_arena01.prt
 126 portalclusters
 275 numportals
0...1...2...3...4...5...6...7...8...9...100...1...2...3...4...5...6...7...8...9...10Optimized: 56 visible clusters (0.59%)
Total clusters visible: 9496
Average clusters visible: 75
Building PAS...
Average clusters audible: 125
visdatasize:5016  compressed from 4032
writing c:\program files (x86)\steam\steamapps\sourcemods\lanmayhemvol2\maps\dm_arena01.bsp
0 seconds elapsed



[Reading texlights from 'lights.rad']
[45 texlights parsed from 'lights.rad']

Loading c:\program files (x86)\steam\steamapps\sourcemods\lanmayhemvol2\maps\dm_arena01.bsp
2842 faces
444622 square feet [64025604.00 square inches]
0 Displacements
0 Square Feet [0.00 Square Inches]
2842 patches before subdivision
154812 patches after subdivision
53 direct lights
0...1...2...3...4...5...6...7...8...9...100...1...2...3...4...5...6...7...8...9...10transfers 21747551, max 745
transfer lists: 165.9 megs
0...1...2...3...4...5...6...7...8...9...10	Bounce #1 added RGB(2323992, 666517, 40414)
0...1...2...3...4...5...6...7...8...9...10	Bounce #2 added RGB(1679976, 136230, 380)
0...1...2...3...4...5...6...7...8...9...10	Bounce #3 added RGB(1013826, 24237, 5)
0...1...2...3...4...5...6...7...8...9...10	Bounce #4 added RGB(674009, 4641, 0)
0...1...2...3...4...5...6...7...8...9...10	Bounce #5 added RGB(431083, 864, 0)
0...1...2...3...4...5...6...7...8...9...10	Bounce #6 added RGB(287195, 166, 0)
0...1...2...3...4...5...6...7...8...9...10	Bounce #7 added RGB(190782, 32, 0)
0...1...2...3...4...5...6...7...8...9...10	Bounce #8 added RGB(129253, 6, 0)
0...1...2...3...4...5...6...7...8...9...10	Bounce #9 added RGB(87945, 1, 0)
0...1...2...3...4...5...6...7...8...9...10	Bounce #10 added RGB(60459, 0, 0)
0...1...2...3...4...5...6...7...8...9...10	Bounce #11 added RGB(41750, 0, 0)
0...1...2...3...4...5...6...7...8...9...10	Bounce #12 added RGB(28998, 0, 0)
0...1...2...3...4...5...6...7...8...9...10	Bounce #13 added RGB(20210, 0, 0)
0...1...2...3...4...5...6...7...8...9...10	Bounce #14 added RGB(14135, 0, 0)
0...1...2...3...4...5...6...7...8...9...10	Bounce #15 added RGB(9911, 0, 0)
0...1...2...3...4...5...6...7...8...9...10	Bounce #16 added RGB(6965, 0, 0)
0...1...2...3...4...5...6...7...8...9...10	Bounce #17 added RGB(4903, 0, 0)
0...1...2...3...4...5...6...7...8...9...10	Bounce #18 added RGB(3458, 0, 0)
0...1...2...3...4...5...6...7...8...9...10	Bounce #19 added RGB(2441, 0, 0)
0...1...2...3...4...5...6...7...8...9...10	Bounce #20 added RGB(1726, 0, 0)
0...1...2...3...4...5...6...7...8...9...10	Bounce #21 added RGB(1222, 0, 0)
0...1...2...3...4...5...6...7...8...9...10	Bounce #22 added RGB(865, 0, 0)
0...1...2...3...4...5...6...7...8...9...10	Bounce #23 added RGB(614, 0, 0)
0...1...2...3...4...5...6...7...8...9...10	Bounce #24 added RGB(435, 0, 0)
0...1...2...3...4...5...6...7...8...9...10	Bounce #25 added RGB(309, 0, 0)
0...1...2...3...4...5...6...7...8...9...10	Bounce #26 added RGB(220, 0, 0)
0...1...2...3...4...5...6...7...8...9...10	Bounce #27 added RGB(156, 0, 0)
0...1...2...3...4...5...6...7...8...9...10	Bounce #28 added RGB(111, 0, 0)
0...1...2...3...4...5...6...7...8...9...10	Bounce #29 added RGB(79, 0, 0)
0...1...2...3...4...5...6...7...8...9...10	Bounce #30 added RGB(56, 0, 0)
0...1...2...3...4...5...6...7...8...9...10	Bounce #31 added RGB(40, 0, 0)
0...1...2...3...4...5...6...7...8...9...10	Bounce #32 added RGB(29, 0, 0)
0...1...2...3...4...5...6...7...8...9...10	Bounce #33 added RGB(20, 0, 0)
0...1...2...3...4...5...6...7...8...9...10	Bounce #34 added RGB(15, 0, 0)
0...1...2...3...4...5...6...7...8...9...10	Bounce #35 added RGB(10, 0, 0)
0...1...2...3...4...5...6...7...8...9...10	Bounce #36 added RGB(7, 0, 0)
0...1...2...3...4...5...6...7...8...9...10	Bounce #37 added RGB(5, 0, 0)
0...1...2...3...4...5...6...7...8...9...10	Bounce #38 added RGB(4, 0, 0)
0...1...2...3...4...5...6...7...8...9...10	Bounce #39 added RGB(3, 0, 0)
0...1...2...3...4...5...6...7...8...9...10	Bounce #40 added RGB(2, 0, 0)
0...1...2...3...4...5...6...7...8...9...10	Bounce #41 added RGB(1, 0, 0)
0...1...2...3...4...5...6...7...8...9...10	Bounce #42 added RGB(1, 0, 0)
Build Patch/Sample Hash Table(s).....Done<0.0331 sec>
0...1...2...3...4...5...6...7...8...9...10FinalLightFace Done
0 of 32 (0% of) surface lights went in leaf ambient cubes.
0...1...2...3...4...5...6...7...8...9...10Writing leaf ambient...done
Ready to Finish

Object names       Objects/Maxobjs  Memory / Maxmem  Fullness 
------------       ---------------  ---------------  -------- 
models                   2/1024           96/49152    ( 0.2%) 
brushes                731/8192         8772/98304    ( 8.9%) 
brushsides            5707/65536       45656/524288   ( 8.7%) 
planes                3248/65536       64960/1310720  ( 5.0%) 
vertexes              3987/65536       47844/786432   ( 6.1%) 
nodes                  349/65536       11168/2097152  ( 0.5%) 
texinfos                41/12288        2952/884736   ( 0.3%) 
texdata                 11/2048          352/65536    ( 0.5%) 
dispinfos                0/0               0/0        ( 0.0%) 
disp_verts               0/0               0/0        ( 0.0%) 
disp_tris                0/0               0/0        ( 0.0%) 
disp_lmsamples           0/0               0/0        ( 0.0%) 
faces                 2842/65536      159152/3670016  ( 4.3%) 
hdr faces                0/65536           0/3670016  ( 0.0%) 
origfaces             1612/65536       90272/3670016  ( 2.5%) 
leaves                 352/65536       11264/2097152  ( 0.5%) 
leaffaces             3222/65536        6444/131072   ( 4.9%) 
leafbrushes           1024/65536        2048/131072   ( 1.6%) 
areas                    2/256            16/2048     ( 0.8%) 
surfedges            19204/512000      76816/2048000  ( 3.8%) 
edges                11870/256000      47480/1024000  ( 4.6%) 
LDR worldlights         53/8192         4664/720896   ( 0.6%) 
HDR worldlights          0/8192            0/720896   ( 0.0%) 
leafwaterdata            1/32768          12/393216   ( 0.0%) 
waterstrips            327/32768        3270/327680   ( 1.0%) 
waterverts               0/65536           0/786432   ( 0.0%) 
waterindices          5703/65536       11406/131072   ( 8.7%) 
cubemapsamples           1/1024           16/16384    ( 0.1%) 
overlays                 0/512             0/180224   ( 0.0%) 
LDR lightdata         [variable]     3891760/0        ( 0.0%) 
HDR lightdata         [variable]           0/0        ( 0.0%) 
visdata               [variable]        5016/16777216 ( 0.0%) 
entdata               [variable]        5310/393216   ( 1.4%) 
LDR ambient table      352/65536        1408/262144   ( 0.5%) 
HDR ambient table      352/65536        1408/262144   ( 0.5%) 
LDR leaf ambient      1823/65536       51044/1835008  ( 2.8%) 
HDR leaf ambient       352/65536        9856/1835008  ( 0.5%) 
occluders                0/0               0/0        ( 0.0%) 
occluder polygons        0/0               0/0        ( 0.0%) 
occluder vert ind        0/0               0/0        ( 0.0%) 
detail props          [variable]           1/12       ( 8.3%) 
static props          [variable]           1/12       ( 8.3%) 
pakfile               [variable]      164396/0        ( 0.0%) 
physics               [variable]      236981/4194304  ( 5.7%) 
physics terrain       [variable]           2/1048576  ( 0.0%) 

Level flags = 0

Total triangle count: 7340
Writing c:\program files (x86)\steam\steamapps\sourcemods\lanmayhemvol2\maps\dm_arena01.bsp
34 seconds elapsed



materialPath: C:\Program Files (x86)\Steam\steamapps\sourcemods\LanMayhemVol2\materials
Loading C:\Program Files (x86)\Steam\steamapps\sourcemods\LanMayhemVol2\maps\dm_arena01.vmf
ConVarRef mat_reduceparticles doesn't point to an existing ConVar
Could not locate 'GameData' key in c:\program files (x86)\steam\steamapps\sourcemods\lanmayhemvol2\gameinfo.txt
fixing up env_cubemap materials on brush sides...
0...1...2...3...4...5...6...7...8...9...100...1...2...3...4...5...6...7...8...9...10Processing areas...done (0)
Building Faces...done (0)
Chop Details...done (0)
Find Visible Detail Sides...
Merged 88 detail faces...done (0)
Merging details...done (0)
FixTjuncs...
PruneNodes...
WriteBSP...
done (0)
writing C:\Program Files (x86)\Steam\steamapps\sourcemods\LanMayhemVol2\maps\dm_arena01.prt...Building visibility clusters...
done (0)
Creating default LDR cubemaps for env_cubemap using skybox materials:
   skybox/sky_skylab_01*.vmt
 ! Run buildcubemaps in the engine to get the correct cube maps.
Creating default HDR cubemaps for env_cubemap using skybox materials:
   skybox/sky_skylab_01*.vmt
 ! Run buildcubemaps in the engine to get the correct cube maps.
Finding displacement neighbors...
Finding lightmap sample positions...
Displacement Alpha : 0...1...2...3...4...5...6...7...8...9...10
Building Physics collision data...
done (0) (236949 bytes)
Placing detail props : 0...1...2...3...4...5...6...7...8...9...10
Compacting texture/material tables...
Reduced 65 texinfos to 41
Reduced 13 texdatas to 11 (330 bytes to 247)
Writing C:\Program Files (x86)\Steam\steamapps\sourcemods\LanMayhemVol2\maps\dm_arena01.bsp
Wrote ZIP buffer, estimated size 165146, actual size 164396
1 second elapsed



8 threads
reading c:\program files (x86)\steam\steamapps\sourcemods\lanmayhemvol2\maps\dm_arena01.bsp
reading c:\program files (x86)\steam\steamapps\sourcemods\lanmayhemvol2\maps\dm_arena01.prt
 126 portalclusters
 275 numportals
0...1...2...3...4...5...6...7...8...9...100...1...2...3...4...5...6...7...8...9...10Optimized: 51 visible clusters (0.54%)
Total clusters visible: 9489
Average clusters visible: 75
Building PAS...
Average clusters audible: 125
visdatasize:5016  compressed from 4032
writing c:\program files (x86)\steam\steamapps\sourcemods\lanmayhemvol2\maps\dm_arena01.bsp
0 seconds elapsed



[Reading texlights from 'lights.rad']
[45 texlights parsed from 'lights.rad']

Loading c:\program files (x86)\steam\steamapps\sourcemods\lanmayhemvol2\maps\dm_arena01.bsp
2842 faces
444621 square feet [64025544.00 square inches]
0 Displacements
0 Square Feet [0.00 Square Inches]
2842 patches before subdivision
154748 patches after subdivision
53 direct lights
0...1...2...3...4...5...6...7...8...9...100...1...2...3...4...5...6...7...8...9...10transfers 21734745, max 745
transfer lists: 165.8 megs
0...1...2...3...4...5...6...7...8...9...10	Bounce #1 added RGB(2323360, 666413, 40407)
0...1...2...3...4...5...6...7...8...9...10	Bounce #2 added RGB(1679294, 136193, 380)
0...1...2...3...4...5...6...7...8...9...10	Bounce #3 added RGB(1013250, 24228, 5)
0...1...2...3...4...5...6...7...8...9...10	Bounce #4 added RGB(673511, 4638, 0)
0...1...2...3...4...5...6...7...8...9...10	Bounce #5 added RGB(430683, 863, 0)
0...1...2...3...4...5...6...7...8...9...10	Bounce #6 added RGB(286867, 166, 0)
0...1...2...3...4...5...6...7...8...9...10	Bounce #7 added RGB(190519, 32, 0)
0...1...2...3...4...5...6...7...8...9...10	Bounce #8 added RGB(129043, 6, 0)
0...1...2...3...4...5...6...7...8...9...10	Bounce #9 added RGB(87777, 1, 0)
0...1...2...3...4...5...6...7...8...9...10	Bounce #10 added RGB(60326, 0, 0)
0...1...2...3...4...5...6...7...8...9...10	Bounce #11 added RGB(41644, 0, 0)
0...1...2...3...4...5...6...7...8...9...10	Bounce #12 added RGB(28915, 0, 0)
0...1...2...3...4...5...6...7...8...9...10	Bounce #13 added RGB(20145, 0, 0)
0...1...2...3...4...5...6...7...8...9...10	Bounce #14 added RGB(14084, 0, 0)
0...1...2...3...4...5...6...7...8...9...10	Bounce #15 added RGB(9871, 0, 0)
0...1...2...3...4...5...6...7...8...9...10	Bounce #16 added RGB(6934, 0, 0)
0...1...2...3...4...5...6...7...8...9...10	Bounce #17 added RGB(4879, 0, 0)
0...1...2...3...4...5...6...7...8...9...10	Bounce #18 added RGB(3439, 0, 0)
0...1...2...3...4...5...6...7...8...9...10	Bounce #19 added RGB(2427, 0, 0)
0...1...2...3...4...5...6...7...8...9...10	Bounce #20 added RGB(1715, 0, 0)
0...1...2...3...4...5...6...7...8...9...10	Bounce #21 added RGB(1213, 0, 0)
0...1...2...3...4...5...6...7...8...9...10	Bounce #22 added RGB(859, 0, 0)
0...1...2...3...4...5...6...7...8...9...10	Bounce #23 added RGB(609, 0, 0)
0...1...2...3...4...5...6...7...8...9...10	Bounce #24 added RGB(432, 0, 0)
0...1...2...3...4...5...6...7...8...9...10	Bounce #25 added RGB(306, 0, 0)
0...1...2...3...4...5...6...7...8...9...10	Bounce #26 added RGB(218, 0, 0)
0...1...2...3...4...5...6...7...8...9...10	Bounce #27 added RGB(155, 0, 0)
0...1...2...3...4...5...6...7...8...9...10	Bounce #28 added RGB(110, 0, 0)
0...1...2...3...4...5...6...7...8...9...10	Bounce #29 added RGB(78, 0, 0)
0...1...2...3...4...5...6...7...8...9...10	Bounce #30 added RGB(56, 0, 0)
0...1...2...3...4...5...6...7...8...9...10	Bounce #31 added RGB(40, 0, 0)
0...1...2...3...4...5...6...7...8...9...10	Bounce #32 added RGB(28, 0, 0)
0...1...2...3...4...5...6...7...8...9...10	Bounce #33 added RGB(20, 0, 0)
0...1...2...3...4...5...6...7...8...9...10	Bounce #34 added RGB(14, 0, 0)
0...1...2...3...4...5...6...7...8...9...10	Bounce #35 added RGB(10, 0, 0)
0...1...2...3...4...5...6...7...8...9...10	Bounce #36 added RGB(7, 0, 0)
0...1...2...3...4...5...6...7...8...9...10	Bounce #37 added RGB(5, 0, 0)
0...1...2...3...4...5...6...7...8...9...10	Bounce #38 added RGB(4, 0, 0)
0...1...2...3...4...5...6...7...8...9...10	Bounce #39 added RGB(3, 0, 0)
0...1...2...3...4...5...6...7...8...9...10	Bounce #40 added RGB(2, 0, 0)
0...1...2...3...4...5...6...7...8...9...10	Bounce #41 added RGB(1, 0, 0)
0...1...2...3...4...5...6...7...8...9...10	Bounce #42 added RGB(1, 0, 0)
Build Patch/Sample Hash Table(s).....Done<0.0347 sec>
0...1...2...3...4...5...6...7...8...9...10FinalLightFace Done
0 of 32 (0% of) surface lights went in leaf ambient cubes.
0...1...2...3...4...5...6...7...8...9...10Writing leaf ambient...done
Ready to Finish

Object names       Objects/Maxobjs  Memory / Maxmem  Fullness 
------------       ---------------  ---------------  -------- 
models                   2/1024           96/49152    ( 0.2%) 
brushes                731/8192         8772/98304    ( 8.9%) 
brushsides            5707/65536       45656/524288   ( 8.7%) 
planes                3248/65536       64960/1310720  ( 5.0%) 
vertexes              3984/65536       47808/786432   ( 6.1%) 
nodes                  349/65536       11168/2097152  ( 0.5%) 
texinfos                41/12288        2952/884736   ( 0.3%) 
texdata                 11/2048          352/65536    ( 0.5%) 
dispinfos                0/0               0/0        ( 0.0%) 
disp_verts               0/0               0/0        ( 0.0%) 
disp_tris                0/0               0/0        ( 0.0%) 
disp_lmsamples           0/0               0/0        ( 0.0%) 
faces                 2842/65536      159152/3670016  ( 4.3%) 
hdr faces                0/65536           0/3670016  ( 0.0%) 
origfaces             1612/65536       90272/3670016  ( 2.5%) 
leaves                 352/65536       11264/2097152  ( 0.5%) 
leaffaces             3226/65536        6452/131072   ( 4.9%) 
leafbrushes           1024/65536        2048/131072   ( 1.6%) 
areas                    2/256            16/2048     ( 0.8%) 
surfedges            19202/512000      76808/2048000  ( 3.8%) 
edges                11869/256000      47476/1024000  ( 4.6%) 
LDR worldlights         53/8192         4664/720896   ( 0.6%) 
HDR worldlights          0/8192            0/720896   ( 0.0%) 
leafwaterdata            1/32768          12/393216   ( 0.0%) 
waterstrips            328/32768        3280/327680   ( 1.0%) 
waterverts               0/65536           0/786432   ( 0.0%) 
waterindices          5712/65536       11424/131072   ( 8.7%) 
cubemapsamples           1/1024           16/16384    ( 0.1%) 
overlays                 0/512             0/180224   ( 0.0%) 
LDR lightdata         [variable]     3891812/0        ( 0.0%) 
HDR lightdata         [variable]           0/0        ( 0.0%) 
visdata               [variable]        5016/16777216 ( 0.0%) 
entdata               [variable]       16856/393216   ( 4.3%) 
LDR ambient table      352/65536        1408/262144   ( 0.5%) 
HDR ambient table      352/65536        1408/262144   ( 0.5%) 
LDR leaf ambient      1824/65536       51072/1835008  ( 2.8%) 
HDR leaf ambient       352/65536        9856/1835008  ( 0.5%) 
occluders                0/0               0/0        ( 0.0%) 
occluder polygons        0/0               0/0        ( 0.0%) 
occluder vert ind        0/0               0/0        ( 0.0%) 
detail props          [variable]           1/12       ( 8.3%) 
static props          [variable]           1/12       ( 8.3%) 
pakfile               [variable]      164396/0        ( 0.0%) 
physics               [variable]      236949/4194304  ( 5.6%) 
physics terrain       [variable]           2/1048576  ( 0.0%) 

Level flags = 0

Total triangle count: 7338
Writing c:\program files (x86)\steam\steamapps\sourcemods\lanmayhemvol2\maps\dm_arena01.bsp
35 seconds elapsed



materialPath: C:\Program Files (x86)\Steam\steamapps\sourcemods\LanMayhemVol2\materials
Loading C:\Program Files (x86)\Steam\steamapps\sourcemods\LanMayhemVol2\maps\dm_arena01.vmf
ConVarRef mat_reduceparticles doesn't point to an existing ConVar
Could not locate 'GameData' key in c:\program files (x86)\steam\steamapps\sourcemods\lanmayhemvol2\gameinfo.txt
fixing up env_cubemap materials on brush sides...
0...1...2...3...4...5...6...7...8...9...100...1...2...3...4...5...6...7...8...9...10Processing areas...done (0)
Building Faces...done (0)
Chop Details...done (0)
Find Visible Detail Sides...
Merged 88 detail faces...done (0)
Merging details...done (0)
FixTjuncs...
PruneNodes...
WriteBSP...
done (0)
writing C:\Program Files (x86)\Steam\steamapps\sourcemods\LanMayhemVol2\maps\dm_arena01.prt...Building visibility clusters...
done (0)
Creating default LDR cubemaps for env_cubemap using skybox materials:
   skybox/sky_skylab_01*.vmt
 ! Run buildcubemaps in the engine to get the correct cube maps.
Creating default HDR cubemaps for env_cubemap using skybox materials:
   skybox/sky_skylab_01*.vmt
 ! Run buildcubemaps in the engine to get the correct cube maps.
Finding displacement neighbors...
Finding lightmap sample positions...
Displacement Alpha : 0...1...2...3...4...5...6...7...8...9...10
Building Physics collision data...
done (0) (236949 bytes)
Placing detail props : 0...1...2...3...4...5...6...7...8...9...10
Compacting texture/material tables...
Reduced 65 texinfos to 41
Reduced 13 texdatas to 11 (330 bytes to 247)
Writing C:\Program Files (x86)\Steam\steamapps\sourcemods\LanMayhemVol2\maps\dm_arena01.bsp
Wrote ZIP buffer, estimated size 165146, actual size 164396
1 second elapsed



8 threads
reading c:\program files (x86)\steam\steamapps\sourcemods\lanmayhemvol2\maps\dm_arena01.bsp
reading c:\program files (x86)\steam\steamapps\sourcemods\lanmayhemvol2\maps\dm_arena01.prt
 126 portalclusters
 275 numportals
0...1...2...3...4...5...6...7...8...9...100...1...2...3...4...5...6...7...8...9...10Optimized: 52 visible clusters (0.55%)
Total clusters visible: 9488
Average clusters visible: 75
Building PAS...
Average clusters audible: 125
visdatasize:5016  compressed from 4032
writing c:\program files (x86)\steam\steamapps\sourcemods\lanmayhemvol2\maps\dm_arena01.bsp
0 seconds elapsed



[Reading texlights from 'lights.rad']
[45 texlights parsed from 'lights.rad']

Loading c:\program files (x86)\steam\steamapps\sourcemods\lanmayhemvol2\maps\dm_arena01.bsp
2842 faces
444621 square feet [64025544.00 square inches]
0 Displacements
0 Square Feet [0.00 Square Inches]
2842 patches before subdivision
154748 patches after subdivision
54 direct lights
0...1...2...3...4...5...6...7...8...9...100...1...2...3...4...5...6...7...8...9...10transfers 21734745, max 745
transfer lists: 165.8 megs
0...1...2...3...4...5...6...7...8...9...10	Bounce #1 added RGB(2403526, 689074, 41347)
0...1...2...3...4...5...6...7...8...9...10	Bounce #2 added RGB(1734610, 140727, 391)
0...1...2...3...4...5...6...7...8...9...10	Bounce #3 added RGB(1051701, 25141, 5)
0...1...2...3...4...5...6...7...8...9...10	Bounce #4 added RGB(699493, 4817, 0)
0...1...2...3...4...5...6...7...8...9...10	Bounce #5 added RGB(448335, 898, 0)
0...1...2...3...4...5...6...7...8...9...10	Bounce #6 added RGB(298793, 173, 0)
0...1...2...3...4...5...6...7...8...9...10	Bounce #7 added RGB(198589, 33, 0)
0...1...2...3...4...5...6...7...8...9...10	Bounce #8 added RGB(134501, 6, 0)
0...1...2...3...4...5...6...7...8...9...10	Bounce #9 added RGB(91472, 1, 0)
0...1...2...3...4...5...6...7...8...9...10	Bounce #10 added RGB(62831, 0, 0)
0...1...2...3...4...5...6...7...8...9...10	Bounce #11 added RGB(43345, 0, 0)
0...1...2...3...4...5...6...7...8...9...10	Bounce #12 added RGB(30072, 0, 0)
0...1...2...3...4...5...6...7...8...9...10	Bounce #13 added RGB(20934, 0, 0)
0...1...2...3...4...5...6...7...8...9...10	Bounce #14 added RGB(14623, 0, 0)
0...1...2...3...4...5...6...7...8...9...10	Bounce #15 added RGB(10239, 0, 0)
0...1...2...3...4...5...6...7...8...9...10	Bounce #16 added RGB(7186, 0, 0)
0...1...2...3...4...5...6...7...8...9...10	Bounce #17 added RGB(5052, 0, 0)
0...1...2...3...4...5...6...7...8...9...10	Bounce #18 added RGB(3558, 0, 0)
0...1...2...3...4...5...6...7...8...9...10	Bounce #19 added RGB(2509, 0, 0)
0...1...2...3...4...5...6...7...8...9...10	Bounce #20 added RGB(1771, 0, 0)
0...1...2...3...4...5...6...7...8...9...10	Bounce #21 added RGB(1252, 0, 0)
0...1...2...3...4...5...6...7...8...9...10	Bounce #22 added RGB(886, 0, 0)
0...1...2...3...4...5...6...7...8...9...10	Bounce #23 added RGB(627, 0, 0)
0...1...2...3...4...5...6...7...8...9...10	Bounce #24 added RGB(445, 0, 0)
0...1...2...3...4...5...6...7...8...9...10	Bounce #25 added RGB(315, 0, 0)
0...1...2...3...4...5...6...7...8...9...10	Bounce #26 added RGB(224, 0, 0)
0...1...2...3...4...5...6...7...8...9...10	Bounce #27 added RGB(159, 0, 0)
0...1...2...3...4...5...6...7...8...9...10	Bounce #28 added RGB(113, 0, 0)
0...1...2...3...4...5...6...7...8...9...10	Bounce #29 added RGB(80, 0, 0)
0...1...2...3...4...5...6...7...8...9...10	Bounce #30 added RGB(57, 0, 0)
0...1...2...3...4...5...6...7...8...9...10	Bounce #31 added RGB(41, 0, 0)
0...1...2...3...4...5...6...7...8...9...10	Bounce #32 added RGB(29, 0, 0)
0...1...2...3...4...5...6...7...8...9...10	Bounce #33 added RGB(21, 0, 0)
0...1...2...3...4...5...6...7...8...9...10	Bounce #34 added RGB(15, 0, 0)
0...1...2...3...4...5...6...7...8...9...10	Bounce #35 added RGB(10, 0, 0)
0...1...2...3...4...5...6...7...8...9...10	Bounce #36 added RGB(7, 0, 0)
0...1...2...3...4...5...6...7...8...9...10	Bounce #37 added RGB(5, 0, 0)
0...1...2...3...4...5...6...7...8...9...10	Bounce #38 added RGB(4, 0, 0)
0...1...2...3...4...5...6...7...8...9...10	Bounce #39 added RGB(3, 0, 0)
0...1...2...3...4...5...6...7...8...9...10	Bounce #40 added RGB(2, 0, 0)
0...1...2...3...4...5...6...7...8...9...10	Bounce #41 added RGB(1, 0, 0)
0...1...2...3...4...5...6...7...8...9...10	Bounce #42 added RGB(1, 0, 0)
Build Patch/Sample Hash Table(s).....Done<0.0325 sec>
0...1...2...3...4...5...6...7...8...9...10FinalLightFace Done
0 of 32 (0% of) surface lights went in leaf ambient cubes.
0...1...2...3...4...5...6...7...8...9...10Writing leaf ambient...done
Ready to Finish

Object names       Objects/Maxobjs  Memory / Maxmem  Fullness 
------------       ---------------  ---------------  -------- 
models                   2/1024           96/49152    ( 0.2%) 
brushes                731/8192         8772/98304    ( 8.9%) 
brushsides            5707/65536       45656/524288   ( 8.7%) 
planes                3248/65536       64960/1310720  ( 5.0%) 
vertexes              3984/65536       47808/786432   ( 6.1%) 
nodes                  349/65536       11168/2097152  ( 0.5%) 
texinfos                41/12288        2952/884736   ( 0.3%) 
texdata                 11/2048          352/65536    ( 0.5%) 
dispinfos                0/0               0/0        ( 0.0%) 
disp_verts               0/0               0/0        ( 0.0%) 
disp_tris                0/0               0/0        ( 0.0%) 
disp_lmsamples           0/0               0/0        ( 0.0%) 
faces                 2842/65536      159152/3670016  ( 4.3%) 
hdr faces                0/65536           0/3670016  ( 0.0%) 
origfaces             1612/65536       90272/3670016  ( 2.5%) 
leaves                 352/65536       11264/2097152  ( 0.5%) 
leaffaces             3226/65536        6452/131072   ( 4.9%) 
leafbrushes           1024/65536        2048/131072   ( 1.6%) 
areas                    2/256            16/2048     ( 0.8%) 
surfedges            19202/512000      76808/2048000  ( 3.8%) 
edges                11869/256000      47476/1024000  ( 4.6%) 
LDR worldlights         54/8192         4752/720896   ( 0.7%) 
HDR worldlights          0/8192            0/720896   ( 0.0%) 
leafwaterdata            1/32768          12/393216   ( 0.0%) 
waterstrips            328/32768        3280/327680   ( 1.0%) 
waterverts               0/65536           0/786432   ( 0.0%) 
waterindices          5712/65536       11424/131072   ( 8.7%) 
cubemapsamples           1/1024           16/16384    ( 0.1%) 
overlays                 0/512             0/180224   ( 0.0%) 
LDR lightdata         [variable]     3891812/0        ( 0.0%) 
HDR lightdata         [variable]           0/0        ( 0.0%) 
visdata               [variable]        5016/16777216 ( 0.0%) 
entdata               [variable]       17020/393216   ( 4.3%) 
LDR ambient table      352/65536        1408/262144   ( 0.5%) 
HDR ambient table      352/65536        1408/262144   ( 0.5%) 
LDR leaf ambient      1824/65536       51072/1835008  ( 2.8%) 
HDR leaf ambient       352/65536        9856/1835008  ( 0.5%) 
occluders                0/0               0/0        ( 0.0%) 
occluder polygons        0/0               0/0        ( 0.0%) 
occluder vert ind        0/0               0/0        ( 0.0%) 
detail props          [variable]           1/12       ( 8.3%) 
static props          [variable]           1/12       ( 8.3%) 
pakfile               [variable]      164396/0        ( 0.0%) 
physics               [variable]      236949/4194304  ( 5.6%) 
physics terrain       [variable]           2/1048576  ( 0.0%) 

Level flags = 0

Total triangle count: 7338
Writing c:\program files (x86)\steam\steamapps\sourcemods\lanmayhemvol2\maps\dm_arena01.bsp
35 seconds elapsed
