PRT1
12
17
4 0 3 (2048 1024 -128 ) (2048 1024 832 ) (2048 1088 832 ) (2048 1088 -128 ) 
4 0 1 (3072 1024 -128 ) (3072 1024 832 ) (2048 1024 832 ) (2048 1024 -128 ) 
4 1 6 (2048 0 -128 ) (2048 0 832 ) (2048 1024 832 ) (2048 1024 -128 ) 
4 1 2 (2048 0 832 ) (2048 0 -128 ) (3072 0 -128 ) (3072 0 832 ) 
4 2 8 (2048 -256 -128 ) (2048 -256 832 ) (2048 0 832 ) (2048 0 -128 ) 
4 3 6 (2048 1024 -128 ) (2048 1024 832 ) (1024 1024 832 ) (1024 1024 -128 ) 
4 3 4 (1024 1024 -128 ) (1024 1024 832 ) (1024 1088 832 ) (1024 1088 -128 ) 
4 4 7 (1024 1024 -128 ) (1024 1024 832 ) (0 1024 832 ) (0 1024 -128 ) 
4 4 5 (0 1024 -128 ) (0 1024 832 ) (0 1088 832 ) (0 1088 -128 ) 
4 5 10 (0 1024 -128 ) (0 1024 832 ) (-288 1024 832 ) (-288 1024 -128 ) 
4 6 8 (2048 0 -128 ) (2048 0 832 ) (1024 0 832 ) (1024 0 -128 ) 
4 6 7 (1024 1024 832 ) (1024 1024 -128 ) (1024 0 -128 ) (1024 0 832 ) 
4 7 10 (0 1024 832 ) (0 1024 -128 ) (0 0 -128 ) (0 0 832 ) 
4 7 9 (1024 0 -128 ) (1024 0 832 ) (0 0 832 ) (0 0 -128 ) 
4 8 9 (1024 -256 -128 ) (1024 -256 832 ) (1024 0 832 ) (1024 0 -128 ) 
4 9 11 (0 -256 -128 ) (0 -256 832 ) (0 0 832 ) (0 0 -128 ) 
4 10 11 (0 0 -128 ) (0 0 832 ) (-288 0 832 ) (-288 0 -128 ) 
